#
# There is insufficient memory for the Java Runtime Environment to continue.
# Native memory allocation (malloc) failed to allocate 201456 bytes for Chunk::new
# Possible reasons:
#   The system is out of physical RAM or swap space
#   The process is running with CompressedOops enabled, and the Java Heap may be blocking the growth of the native heap
# Possible solutions:
#   Reduce memory load on the system
#   Increase physical memory or swap space
#   Check if swap backing store is full
#   Decrease Java heap size (-Xmx/-Xms)
#   Decrease number of Java threads
#   Decrease Java thread stack sizes (-Xss)
#   Set larger code cache with -XX:ReservedCodeCacheSize=
#   JVM is running with Unscaled Compressed Oops mode in which the Java heap is
#     placed in the first 4GB address space. The Java Heap base address is the
#     maximum limit for the native heap growth. Please use -XX:HeapBaseMinAddress
#     to set the Java Heap base and to place the Java Heap above 4GB virtual address.
# This output file may be truncated or incomplete.
#
#  Out of Memory Error (./src/hotspot/share/memory/arena.cpp:197), pid=2528, tid=10816
#
# JRE version: OpenJDK Runtime Environment Microsoft-7208460 (11.0.18+10) (build 11.0.18+10-LTS)
# Java VM: OpenJDK 64-Bit Server VM Microsoft-7208460 (11.0.18+10-LTS, mixed mode, tiered, compressed oops, g1 gc, windows-amd64)
# No core dump will be written. Minidumps are not enabled by default on client versions of Windows
#

---------------  S U M M A R Y ------------

Command Line: -Xmx64m -Xms64m -Dorg.gradle.appname=gradlew org.gradle.wrapper.GradleWrapperMain app:installDebug -PreactNativeDevServerPort=8081

Host: Intel(R) Core(TM) i5-2520M CPU @ 2.50GHz, 4 cores, 3G,  Windows 10 , 64 bit Build 19041 (10.0.19041.1889)
Time: Mon Mar 20 11:44:45 2023 India Standard Time elapsed time: 0.746038 seconds (0d 0h 0m 0s)

---------------  T H R E A D  ---------------

Current thread (0x000001c921d85800):  JavaThread "C2 CompilerThread1" daemon [_thread_in_native, id=10816, stack(0x0000008ae4000000,0x0000008ae4100000)]


Current CompileTask:
C2:    746  479       4       java.util.HashMap::put (13 bytes)

Stack: [0x0000008ae4000000,0x0000008ae4100000]
Native frames: (J=compiled Java code, j=interpreted, Vv=VM code, C=native code)
V  [jvm.dll+0x62bf8a]
V  [jvm.dll+0x7b8fb9]
V  [jvm.dll+0x7ba6a8]
V  [jvm.dll+0x7bad83]
V  [jvm.dll+0x250248]
V  [jvm.dll+0xc260c]
V  [jvm.dll+0xc2bcc]
V  [jvm.dll+0x2c4e64]
V  [jvm.dll+0x533dcc]
V  [jvm.dll+0x208c26]
V  [jvm.dll+0x20ad9f]
V  [jvm.dll+0x2083eb]
V  [jvm.dll+0x18a4b1]
V  [jvm.dll+0x217eec]
V  [jvm.dll+0x21612b]
V  [jvm.dll+0x77bac0]
V  [jvm.dll+0x7749f4]
V  [jvm.dll+0x62adf5]
C  [ucrtbase.dll+0x21bb2]
C  [KERNEL32.DLL+0x17034]
C  [ntdll.dll+0x52651]


---------------  P R O C E S S  ---------------

Threads class SMR info:
_java_thread_list=0x000001c921c8cfb0, length=11, elements={
0x000001c9071cc800, 0x000001c9217bf000, 0x000001c9217c0000, 0x000001c92183f000,
0x000001c921842000, 0x000001c921843800, 0x000001c92184e800, 0x000001c921857000,
0x000001c92185b800, 0x000001c921ae5000, 0x000001c921d85800
}

Java Threads: ( => current thread )
  0x000001c9071cc800 JavaThread "main" [_thread_in_Java, id=7456, stack(0x0000008ae2f00000,0x0000008ae3000000)]
  0x000001c9217bf000 JavaThread "Reference Handler" daemon [_thread_blocked, id=13056, stack(0x0000008ae3600000,0x0000008ae3700000)]
  0x000001c9217c0000 JavaThread "Finalizer" daemon [_thread_blocked, id=4256, stack(0x0000008ae3700000,0x0000008ae3800000)]
  0x000001c92183f000 JavaThread "Signal Dispatcher" daemon [_thread_blocked, id=9292, stack(0x0000008ae3800000,0x0000008ae3900000)]
  0x000001c921842000 JavaThread "Attach Listener" daemon [_thread_blocked, id=10512, stack(0x0000008ae3900000,0x0000008ae3a00000)]
  0x000001c921843800 JavaThread "Service Thread" daemon [_thread_blocked, id=5700, stack(0x0000008ae3a00000,0x0000008ae3b00000)]
  0x000001c92184e800 JavaThread "C2 CompilerThread0" daemon [_thread_in_native, id=9016, stack(0x0000008ae3b00000,0x0000008ae3c00000)]
  0x000001c921857000 JavaThread "C1 CompilerThread0" daemon [_thread_in_native, id=11652, stack(0x0000008ae3c00000,0x0000008ae3d00000)]
  0x000001c92185b800 JavaThread "Sweeper thread" daemon [_thread_blocked, id=8800, stack(0x0000008ae3d00000,0x0000008ae3e00000)]
  0x000001c921ae5000 JavaThread "Common-Cleaner" daemon [_thread_blocked, id=2280, stack(0x0000008ae3f00000,0x0000008ae4000000)]
=>0x000001c921d85800 JavaThread "C2 CompilerThread1" daemon [_thread_in_native, id=10816, stack(0x0000008ae4000000,0x0000008ae4100000)]

Other Threads:
  0x000001c9217bc000 VMThread "VM Thread" [stack: 0x0000008ae3500000,0x0000008ae3600000] [id=1428]
  0x000001c921ae1000 WatcherThread [stack: 0x0000008ae3e00000,0x0000008ae3f00000] [id=7264]
  0x000001c9071e4000 GCTaskThread "GC Thread#0" [stack: 0x0000008ae3000000,0x0000008ae3100000] [id=13024]
  0x000001c9071ec000 ConcurrentGCThread "G1 Main Marker" [stack: 0x0000008ae3100000,0x0000008ae3200000] [id=4188]
  0x000001c9071ed800 ConcurrentGCThread "G1 Conc#0" [stack: 0x0000008ae3200000,0x0000008ae3300000] [id=5108]
  0x000001c907246800 ConcurrentGCThread "G1 Refine#0" [stack: 0x0000008ae3300000,0x0000008ae3400000] [id=5824]
  0x000001c907247800 ConcurrentGCThread "G1 Young RemSet Sampling" [stack: 0x0000008ae3400000,0x0000008ae3500000] [id=10552]

Threads with active compile tasks:
C2 CompilerThread0      793  551 %     4       java.lang.StringLatin1::replace @ 77 (196 bytes)
C2 CompilerThread1      793  479       4       java.util.HashMap::put (13 bytes)

VM state:not at safepoint (normal execution)

VM Mutex/Monitor currently owned by a thread: None

Heap address: 0x00000000fc000000, size: 64 MB, Compressed Oops mode: 32-bit
Narrow klass base: 0x0000000000000000, Narrow klass shift: 3
Compressed class space size: 1073741824 Address: 0x0000000100000000

Heap:
 garbage-first heap   total 65536K, used 15360K [0x00000000fc000000, 0x0000000100000000)
  region size 1024K, 14 young (14336K), 0 survivors (0K)
 Metaspace       used 7492K, capacity 7653K, committed 7936K, reserved 1056768K
  class space    used 646K, capacity 718K, committed 768K, reserved 1048576K
Heap Regions: E=young(eden), S=young(survivor), O=old, HS=humongous(starts), HC=humongous(continues), CS=collection set, F=free, A=archive, TAMS=top-at-mark-start (previous, next)
|   0|0x00000000fc000000, 0x00000000fc100000, 0x00000000fc100000|100%|HS|  |TAMS 0x00000000fc000000, 0x00000000fc000000| Complete 
|   1|0x00000000fc100000, 0x00000000fc200000, 0x00000000fc200000|100%|HC|  |TAMS 0x00000000fc100000, 0x00000000fc100000| Complete 
|   2|0x00000000fc200000, 0x00000000fc300000, 0x00000000fc300000|100%|HC|  |TAMS 0x00000000fc200000, 0x00000000fc200000| Complete 
|   3|0x00000000fc300000, 0x00000000fc300000, 0x00000000fc400000|  0%| F|  |TAMS 0x00000000fc300000, 0x00000000fc300000| Untracked 
|   4|0x00000000fc400000, 0x00000000fc400000, 0x00000000fc500000|  0%| F|  |TAMS 0x00000000fc400000, 0x00000000fc400000| Untracked 
|   5|0x00000000fc500000, 0x00000000fc500000, 0x00000000fc600000|  0%| F|  |TAMS 0x00000000fc500000, 0x00000000fc500000| Untracked 
|   6|0x00000000fc600000, 0x00000000fc600000, 0x00000000fc700000|  0%| F|  |TAMS 0x00000000fc600000, 0x00000000fc600000| Untracked 
|   7|0x00000000fc700000, 0x00000000fc700000, 0x00000000fc800000|  0%| F|  |TAMS 0x00000000fc700000, 0x00000000fc700000| Untracked 
|   8|0x00000000fc800000, 0x00000000fc800000, 0x00000000fc900000|  0%| F|  |TAMS 0x00000000fc800000, 0x00000000fc800000| Untracked 
|   9|0x00000000fc900000, 0x00000000fc900000, 0x00000000fca00000|  0%| F|  |TAMS 0x00000000fc900000, 0x00000000fc900000| Untracked 
|  10|0x00000000fca00000, 0x00000000fca00000, 0x00000000fcb00000|  0%| F|  |TAMS 0x00000000fca00000, 0x00000000fca00000| Untracked 
|  11|0x00000000fcb00000, 0x00000000fcb00000, 0x00000000fcc00000|  0%| F|  |TAMS 0x00000000fcb00000, 0x00000000fcb00000| Untracked 
|  12|0x00000000fcc00000, 0x00000000fcc00000, 0x00000000fcd00000|  0%| F|  |TAMS 0x00000000fcc00000, 0x00000000fcc00000| Untracked 
|  13|0x00000000fcd00000, 0x00000000fcd00000, 0x00000000fce00000|  0%| F|  |TAMS 0x00000000fcd00000, 0x00000000fcd00000| Untracked 
|  14|0x00000000fce00000, 0x00000000fce00000, 0x00000000fcf00000|  0%| F|  |TAMS 0x00000000fce00000, 0x00000000fce00000| Untracked 
|  15|0x00000000fcf00000, 0x00000000fcf00000, 0x00000000fd000000|  0%| F|  |TAMS 0x00000000fcf00000, 0x00000000fcf00000| Untracked 
|  16|0x00000000fd000000, 0x00000000fd000000, 0x00000000fd100000|  0%| F|  |TAMS 0x00000000fd000000, 0x00000000fd000000| Untracked 
|  17|0x00000000fd100000, 0x00000000fd100000, 0x00000000fd200000|  0%| F|  |TAMS 0x00000000fd100000, 0x00000000fd100000| Untracked 
|  18|0x00000000fd200000, 0x00000000fd200000, 0x00000000fd300000|  0%| F|  |TAMS 0x00000000fd200000, 0x00000000fd200000| Untracked 
|  19|0x00000000fd300000, 0x00000000fd300000, 0x00000000fd400000|  0%| F|  |TAMS 0x00000000fd300000, 0x00000000fd300000| Untracked 
|  20|0x00000000fd400000, 0x00000000fd400000, 0x00000000fd500000|  0%| F|  |TAMS 0x00000000fd400000, 0x00000000fd400000| Untracked 
|  21|0x00000000fd500000, 0x00000000fd500000, 0x00000000fd600000|  0%| F|  |TAMS 0x00000000fd500000, 0x00000000fd500000| Untracked 
|  22|0x00000000fd600000, 0x00000000fd600000, 0x00000000fd700000|  0%| F|  |TAMS 0x00000000fd600000, 0x00000000fd600000| Untracked 
|  23|0x00000000fd700000, 0x00000000fd700000, 0x00000000fd800000|  0%| F|  |TAMS 0x00000000fd700000, 0x00000000fd700000| Untracked 
|  24|0x00000000fd800000, 0x00000000fd800000, 0x00000000fd900000|  0%| F|  |TAMS 0x00000000fd800000, 0x00000000fd800000| Untracked 
|  25|0x00000000fd900000, 0x00000000fd900000, 0x00000000fda00000|  0%| F|  |TAMS 0x00000000fd900000, 0x00000000fd900000| Untracked 
|  26|0x00000000fda00000, 0x00000000fda00000, 0x00000000fdb00000|  0%| F|  |TAMS 0x00000000fda00000, 0x00000000fda00000| Untracked 
|  27|0x00000000fdb00000, 0x00000000fdb00000, 0x00000000fdc00000|  0%| F|  |TAMS 0x00000000fdb00000, 0x00000000fdb00000| Untracked 
|  28|0x00000000fdc00000, 0x00000000fdc00000, 0x00000000fdd00000|  0%| F|  |TAMS 0x00000000fdc00000, 0x00000000fdc00000| Untracked 
|  29|0x00000000fdd00000, 0x00000000fdd00000, 0x00000000fde00000|  0%| F|  |TAMS 0x00000000fdd00000, 0x00000000fdd00000| Untracked 
|  30|0x00000000fde00000, 0x00000000fde00000, 0x00000000fdf00000|  0%| F|  |TAMS 0x00000000fde00000, 0x00000000fde00000| Untracked 
|  31|0x00000000fdf00000, 0x00000000fdf00000, 0x00000000fe000000|  0%| F|  |TAMS 0x00000000fdf00000, 0x00000000fdf00000| Untracked 
|  32|0x00000000fe000000, 0x00000000fe000000, 0x00000000fe100000|  0%| F|  |TAMS 0x00000000fe000000, 0x00000000fe000000| Untracked 
|  33|0x00000000fe100000, 0x00000000fe100000, 0x00000000fe200000|  0%| F|  |TAMS 0x00000000fe100000, 0x00000000fe100000| Untracked 
|  34|0x00000000fe200000, 0x00000000fe200000, 0x00000000fe300000|  0%| F|  |TAMS 0x00000000fe200000, 0x00000000fe200000| Untracked 
|  35|0x00000000fe300000, 0x00000000fe300000, 0x00000000fe400000|  0%| F|  |TAMS 0x00000000fe300000, 0x00000000fe300000| Untracked 
|  36|0x00000000fe400000, 0x00000000fe400000, 0x00000000fe500000|  0%| F|  |TAMS 0x00000000fe400000, 0x00000000fe400000| Untracked 
|  37|0x00000000fe500000, 0x00000000fe500000, 0x00000000fe600000|  0%| F|  |TAMS 0x00000000fe500000, 0x00000000fe500000| Untracked 
|  38|0x00000000fe600000, 0x00000000fe600000, 0x00000000fe700000|  0%| F|  |TAMS 0x00000000fe600000, 0x00000000fe600000| Untracked 
|  39|0x00000000fe700000, 0x00000000fe700000, 0x00000000fe800000|  0%| F|  |TAMS 0x00000000fe700000, 0x00000000fe700000| Untracked 
|  40|0x00000000fe800000, 0x00000000fe800000, 0x00000000fe900000|  0%| F|  |TAMS 0x00000000fe800000, 0x00000000fe800000| Untracked 
|  41|0x00000000fe900000, 0x00000000fe900000, 0x00000000fea00000|  0%| F|  |TAMS 0x00000000fe900000, 0x00000000fe900000| Untracked 
|  42|0x00000000fea00000, 0x00000000fea00000, 0x00000000feb00000|  0%| F|  |TAMS 0x00000000fea00000, 0x00000000fea00000| Untracked 
|  43|0x00000000feb00000, 0x00000000feb00000, 0x00000000fec00000|  0%| F|  |TAMS 0x00000000feb00000, 0x00000000feb00000| Untracked 
|  44|0x00000000fec00000, 0x00000000fec00000, 0x00000000fed00000|  0%| F|  |TAMS 0x00000000fec00000, 0x00000000fec00000| Untracked 
|  45|0x00000000fed00000, 0x00000000fed00000, 0x00000000fee00000|  0%| F|  |TAMS 0x00000000fed00000, 0x00000000fed00000| Untracked 
|  46|0x00000000fee00000, 0x00000000fee00000, 0x00000000fef00000|  0%| F|  |TAMS 0x00000000fee00000, 0x00000000fee00000| Untracked 
|  47|0x00000000fef00000, 0x00000000fef00000, 0x00000000ff000000|  0%| F|  |TAMS 0x00000000fef00000, 0x00000000fef00000| Untracked 
|  48|0x00000000ff000000, 0x00000000ff000000, 0x00000000ff100000|  0%| F|  |TAMS 0x00000000ff000000, 0x00000000ff000000| Untracked 
|  49|0x00000000ff100000, 0x00000000ff100000, 0x00000000ff200000|  0%| F|  |TAMS 0x00000000ff100000, 0x00000000ff100000| Untracked 
|  50|0x00000000ff200000, 0x00000000ff210268, 0x00000000ff300000|  6%| E|  |TAMS 0x00000000ff200000, 0x00000000ff200000| Complete 
|  51|0x00000000ff300000, 0x00000000ff400000, 0x00000000ff400000|100%| E|  |TAMS 0x00000000ff300000, 0x00000000ff300000| Complete 
|  52|0x00000000ff400000, 0x00000000ff500000, 0x00000000ff500000|100%| E|CS|TAMS 0x00000000ff400000, 0x00000000ff400000| Complete 
|  53|0x00000000ff500000, 0x00000000ff600000, 0x00000000ff600000|100%| E|CS|TAMS 0x00000000ff500000, 0x00000000ff500000| Complete 
|  54|0x00000000ff600000, 0x00000000ff700000, 0x00000000ff700000|100%| E|CS|TAMS 0x00000000ff600000, 0x00000000ff600000| Complete 
|  55|0x00000000ff700000, 0x00000000ff800000, 0x00000000ff800000|100%| E|CS|TAMS 0x00000000ff700000, 0x00000000ff700000| Complete 
|  56|0x00000000ff800000, 0x00000000ff900000, 0x00000000ff900000|100%| E|CS|TAMS 0x00000000ff800000, 0x00000000ff800000| Complete 
|  57|0x00000000ff900000, 0x00000000ffa00000, 0x00000000ffa00000|100%| E|CS|TAMS 0x00000000ff900000, 0x00000000ff900000| Complete 
|  58|0x00000000ffa00000, 0x00000000ffb00000, 0x00000000ffb00000|100%| E|CS|TAMS 0x00000000ffa00000, 0x00000000ffa00000| Complete 
|  59|0x00000000ffb00000, 0x00000000ffc00000, 0x00000000ffc00000|100%| E|CS|TAMS 0x00000000ffb00000, 0x00000000ffb00000| Complete 
|  60|0x00000000ffc00000, 0x00000000ffd00000, 0x00000000ffd00000|100%| E|CS|TAMS 0x00000000ffc00000, 0x00000000ffc00000| Complete 
|  61|0x00000000ffd00000, 0x00000000ffe00000, 0x00000000ffe00000|100%| E|CS|TAMS 0x00000000ffd00000, 0x00000000ffd00000| Complete 
|  62|0x00000000ffe00000, 0x00000000fff00000, 0x00000000fff00000|100%| E|CS|TAMS 0x00000000ffe00000, 0x00000000ffe00000| Complete 
|  63|0x00000000fff00000, 0x0000000100000000, 0x0000000100000000|100%| E|CS|TAMS 0x00000000fff00000, 0x00000000fff00000| Complete 

Card table byte_map: [0x000001c907010000,0x000001c907030000] _byte_map_base: 0x000001c906830000

Marking Bits (Prev, Next): (CMBitMap*) 0x000001c9071eb118, (CMBitMap*) 0x000001c9071eb150
 Prev Bits: [0x000001c907050000, 0x000001c907150000)
 Next Bits: [0x000001c91e950000, 0x000001c91ea50000)

Polling page: 0x000001c9050e0000

Metaspace:

Usage:
  Non-class:      6.77 MB capacity,     6.69 MB ( 99%) used,    81.66 KB (  1%) free+waste,     5.56 KB ( <1%) overhead. 
      Class:    718.00 KB capacity,   646.09 KB ( 90%) used,    69.29 KB ( 10%) free+waste,     2.63 KB ( <1%) overhead. 
       Both:      7.47 MB capacity,     7.32 MB ( 98%) used,   150.95 KB (  2%) free+waste,     8.19 KB ( <1%) overhead. 

Virtual space:
  Non-class space:        8.00 MB reserved,       7.00 MB ( 88%) committed 
      Class space:        1.00 GB reserved,     768.00 KB ( <1%) committed 
             Both:        1.01 GB reserved,       7.75 MB ( <1%) committed 

Chunk freelists:
   Non-Class:  41.00 KB
       Class:  18.00 KB
        Both:  59.00 KB

MaxMetaspaceSize: 17179869184.00 GB
CompressedClassSpaceSize: 1.00 GB
Initial GC threshold: 20.80 MB
Current GC threshold: 20.80 MB
CDS: off

CodeHeap 'non-profiled nmethods': size=120064Kb used=181Kb max_used=181Kb free=119882Kb
 bounds [0x000001c917410000, 0x000001c917680000, 0x000001c91e950000]
CodeHeap 'profiled nmethods': size=120000Kb used=888Kb max_used=888Kb free=119111Kb
 bounds [0x000001c90fee0000, 0x000001c910150000, 0x000001c917410000]
CodeHeap 'non-nmethods': size=5696Kb used=1107Kb max_used=1123Kb free=4588Kb
 bounds [0x000001c90f950000, 0x000001c90fbc0000, 0x000001c90fee0000]
 total_blobs=915 nmethods=561 adapters=267
 compilation: enabled
              stopped_count=0, restarted_count=0
 full_count=0

Compilation events (20 events):
Event: 0.719 Thread 0x000001c921857000  503       1       java.net.URI::getScheme (5 bytes)
Event: 0.719 Thread 0x000001c921857000 nmethod 503 0x000001c917436d90 code [0x000001c917436f40, 0x000001c917436ff8]
Event: 0.719 Thread 0x000001c921857000  504       1       java.net.URL::getUserInfo (5 bytes)
Event: 0.719 Thread 0x000001c921857000 nmethod 504 0x000001c917437090 code [0x000001c917437240, 0x000001c9174372f8]
Event: 0.721 Thread 0x000001c921d85800 nmethod 494 0x000001c917437390 code [0x000001c917437520, 0x000001c9174376d8]
Event: 0.721 Thread 0x000001c921d85800  498       4       java.net.URI::match (56 bytes)
Event: 0.722 Thread 0x000001c921857000  505       3       java.lang.Character::getType (9 bytes)
Event: 0.722 Thread 0x000001c921857000 nmethod 505 0x000001c90ffa0d90 code [0x000001c90ffa0f60, 0x000001c90ffa1138]
Event: 0.722 Thread 0x000001c921857000  506       3       java.lang.CharacterDataLatin1::getType (11 bytes)
Event: 0.722 Thread 0x000001c921857000 nmethod 506 0x000001c90ffa1210 code [0x000001c90ffa13c0, 0x000001c90ffa1578]
Event: 0.722 Thread 0x000001c921d85800 nmethod 498 0x000001c917437890 code [0x000001c917437a20, 0x000001c917437af8]
Event: 0.722 Thread 0x000001c921d85800  479       4       java.util.HashMap::put (13 bytes)
Event: 0.724 Thread 0x000001c921857000  507       3       java.net.URI$Parser::checkChars (44 bytes)
Event: 0.725 Thread 0x000001c921857000 nmethod 507 0x000001c90ffa1690 code [0x000001c90ffa1900, 0x000001c90ffa2248]
Event: 0.726 Thread 0x000001c921857000  508       3       java.net.URI$Parser::scan (41 bytes)
Event: 0.727 Thread 0x000001c921857000 nmethod 508 0x000001c90ffa2610 code [0x000001c90ffa2880, 0x000001c90ffa3198]
Event: 0.727 Thread 0x000001c921857000  509       3       java.lang.Character::isLetterOrDigit (5 bytes)
Event: 0.728 Thread 0x000001c921857000 nmethod 509 0x000001c90ffa3590 code [0x000001c90ffa3760, 0x000001c90ffa3a58]
Event: 0.728 Thread 0x000001c921857000  510       3       java.lang.Character::isLetterOrDigit (19 bytes)
Event: 0.728 Thread 0x000001c921857000 nmethod 510 0x000001c90ffa3b90 code [0x000001c90ffa3d60, 0x000001c90ffa3ff8]

GC Heap History (0 events):
No events

Deoptimization events (20 events):
Event: 0.677 Thread 0x000001c9071cc800 DEOPT PACKING pc=0x000001c90ff9430b sp=0x0000008ae2ffd270
Event: 0.677 Thread 0x000001c9071cc800 DEOPT UNPACKING pc=0x000001c90f99a95e sp=0x0000008ae2ffc740 mode 0
Event: 0.677 Thread 0x000001c9071cc800 DEOPT PACKING pc=0x000001c90ff9430b sp=0x0000008ae2ffd270
Event: 0.677 Thread 0x000001c9071cc800 DEOPT UNPACKING pc=0x000001c90f99a95e sp=0x0000008ae2ffc740 mode 0
Event: 0.678 Thread 0x000001c9071cc800 DEOPT PACKING pc=0x000001c90ff9430b sp=0x0000008ae2ffd270
Event: 0.678 Thread 0x000001c9071cc800 DEOPT UNPACKING pc=0x000001c90f99a95e sp=0x0000008ae2ffc740 mode 0
Event: 0.678 Thread 0x000001c9071cc800 DEOPT PACKING pc=0x000001c90ff9430b sp=0x0000008ae2ffd270
Event: 0.678 Thread 0x000001c9071cc800 DEOPT UNPACKING pc=0x000001c90f99a95e sp=0x0000008ae2ffc740 mode 0
Event: 0.678 Thread 0x000001c9071cc800 DEOPT PACKING pc=0x000001c90ff9430b sp=0x0000008ae2ffd270
Event: 0.678 Thread 0x000001c9071cc800 DEOPT UNPACKING pc=0x000001c90f99a95e sp=0x0000008ae2ffc740 mode 0
Event: 0.678 Thread 0x000001c9071cc800 DEOPT PACKING pc=0x000001c90ff9430b sp=0x0000008ae2ffd270
Event: 0.678 Thread 0x000001c9071cc800 DEOPT UNPACKING pc=0x000001c90f99a95e sp=0x0000008ae2ffc740 mode 0
Event: 0.678 Thread 0x000001c9071cc800 DEOPT PACKING pc=0x000001c90ff9430b sp=0x0000008ae2ffd270
Event: 0.678 Thread 0x000001c9071cc800 DEOPT UNPACKING pc=0x000001c90f99a95e sp=0x0000008ae2ffc740 mode 0
Event: 0.679 Thread 0x000001c9071cc800 DEOPT PACKING pc=0x000001c90ff9430b sp=0x0000008ae2ffd270
Event: 0.679 Thread 0x000001c9071cc800 DEOPT UNPACKING pc=0x000001c90f99a95e sp=0x0000008ae2ffc740 mode 0
Event: 0.679 Thread 0x000001c9071cc800 DEOPT PACKING pc=0x000001c90ff9430b sp=0x0000008ae2ffd270
Event: 0.679 Thread 0x000001c9071cc800 DEOPT UNPACKING pc=0x000001c90f99a95e sp=0x0000008ae2ffc740 mode 0
Event: 0.679 Thread 0x000001c9071cc800 DEOPT PACKING pc=0x000001c90ff9430b sp=0x0000008ae2ffd270
Event: 0.679 Thread 0x000001c9071cc800 DEOPT UNPACKING pc=0x000001c90f99a95e sp=0x0000008ae2ffc740 mode 0

Classes redefined (0 events):
No events

Internal exceptions (3 events):
Event: 0.359 Thread 0x000001c9071cc800 Exception <a 'java/lang/NoSuchMethodError'{0x00000000ffc454e8}: 'int java.lang.invoke.DirectMethodHandle$Holder.invokeStaticInit(java.lang.Object, java.lang.Object)'> (0x00000000ffc454e8) thrown at [./src/hotspot/share/interpreter/linkResolver.cpp, line 773]
Event: 0.430 Thread 0x000001c9071cc800 Exception <a 'java/lang/NoSuchMethodError'{0x00000000ffb19730}: 'int java.lang.invoke.DirectMethodHandle$Holder.invokeSpecial(java.lang.Object, java.lang.Object, java.lang.Object, java.lang.Object)'> (0x00000000ffb19730) thrown at [./src/hotspot/share/interpreter/linkResolver.cpp, line 773]
Event: 0.442 Thread 0x000001c9071cc800 Exception <a 'java/lang/NoSuchMethodError'{0x00000000ffb52e08}: 'int java.lang.invoke.DirectMethodHandle$Holder.invokeSpecialIFC(java.lang.Object, java.lang.Object, int)'> (0x00000000ffb52e08) thrown at [./src/hotspot/share/interpreter/linkResolver.cpp, line 773]

Events (20 events):
Event: 0.705 loading class jdk/internal/jimage/ImageHeader done
Event: 0.705 loading class java/nio/DirectIntBufferU
Event: 0.705 loading class java/nio/IntBuffer
Event: 0.705 loading class java/nio/IntBuffer done
Event: 0.705 loading class java/nio/DirectIntBufferU done
Event: 0.705 loading class java/nio/DirectByteBufferR
Event: 0.705 loading class java/nio/DirectByteBufferR done
Event: 0.705 loading class java/nio/DirectIntBufferRU
Event: 0.705 loading class java/nio/DirectIntBufferRU done
Event: 0.706 loading class jdk/internal/jimage/ImageStringsReader
Event: 0.706 loading class jdk/internal/jimage/ImageStrings
Event: 0.706 loading class jdk/internal/jimage/ImageStrings done
Event: 0.706 loading class jdk/internal/jimage/ImageStringsReader done
Event: 0.706 loading class jdk/internal/jimage/decompressor/Decompressor
Event: 0.706 loading class jdk/internal/jimage/decompressor/Decompressor done
Event: 0.706 loading class jdk/internal/jimage/ImageLocation
Event: 0.706 loading class jdk/internal/jimage/ImageLocation done
Event: 0.709 loading class org/gradle/internal/classloader/VisitableURLClassLoader$Spec
Event: 0.709 loading class org/gradle/internal/classloader/VisitableURLClassLoader$Spec done
Event: 0.715 Thread 0x000001c921d85800 Thread added: 0x000001c921d85800


Dynamic libraries:
0x00007ff73e080000 - 0x00007ff73e08d000 	C:\Program Files\Microsoft\jdk-11.0.18.10-hotspot\bin\java.exe
0x00007fff7c9f0000 - 0x00007fff7cbe8000 	C:\Windows\SYSTEM32\ntdll.dll
0x00007fff7c8f0000 - 0x00007fff7c9ad000 	C:\Windows\System32\KERNEL32.DLL
0x00007fff7a460000 - 0x00007fff7a72e000 	C:\Windows\System32\KERNELBASE.dll
0x00007fff7a730000 - 0x00007fff7a830000 	C:\Windows\System32\ucrtbase.dll
0x00007fff755d0000 - 0x00007fff755e7000 	C:\Program Files\Microsoft\jdk-11.0.18.10-hotspot\bin\jli.dll
0x00007fff755f0000 - 0x00007fff75605000 	C:\Program Files\Microsoft\jdk-11.0.18.10-hotspot\bin\VCRUNTIME140.dll
0x00007fff7b210000 - 0x00007fff7b3b0000 	C:\Windows\System32\USER32.dll
0x00007fff7a1c0000 - 0x00007fff7a1e2000 	C:\Windows\System32\win32u.dll
0x00007fff6ba10000 - 0x00007fff6bcaa000 	C:\Windows\WinSxS\amd64_microsoft.windows.common-controls_6595b64144ccf1df_6.0.19041.1110_none_60b5254171f9507e\COMCTL32.dll
0x00007fff7b5f0000 - 0x00007fff7b61a000 	C:\Windows\System32\GDI32.dll
0x00007fff7b4f0000 - 0x00007fff7b58e000 	C:\Windows\System32\msvcrt.dll
0x00007fff7a8a0000 - 0x00007fff7a9ab000 	C:\Windows\System32\gdi32full.dll
0x00007fff7a9b0000 - 0x00007fff7aa4d000 	C:\Windows\System32\msvcp_win.dll
0x00007fff7b8b0000 - 0x00007fff7b8e0000 	C:\Windows\System32\IMM32.DLL
0x00007fff5a640000 - 0x00007fff5a6db000 	C:\Program Files\Microsoft\jdk-11.0.18.10-hotspot\bin\msvcp140.dll
0x00007fff17250000 - 0x00007fff17de2000 	C:\Program Files\Microsoft\jdk-11.0.18.10-hotspot\bin\server\jvm.dll
0x00007fff7ae80000 - 0x00007fff7af2e000 	C:\Windows\System32\ADVAPI32.dll
0x00007fff7b6a0000 - 0x00007fff7b73c000 	C:\Windows\System32\sechost.dll
0x00007fff7af30000 - 0x00007fff7b055000 	C:\Windows\System32\RPCRT4.dll
0x00007fff7b8a0000 - 0x00007fff7b8a8000 	C:\Windows\System32\PSAPI.DLL
0x00007fff75af0000 - 0x00007fff75af9000 	C:\Windows\SYSTEM32\WSOCK32.dll
0x00007fff6c110000 - 0x00007fff6c137000 	C:\Windows\SYSTEM32\WINMM.dll
0x00007fff6abd0000 - 0x00007fff6abda000 	C:\Windows\SYSTEM32\VERSION.dll
0x00007fff7c220000 - 0x00007fff7c28b000 	C:\Windows\System32\WS2_32.dll
0x00007fff78010000 - 0x00007fff78022000 	C:\Windows\SYSTEM32\kernel.appcore.dll
0x00007fff755c0000 - 0x00007fff755d0000 	C:\Program Files\Microsoft\jdk-11.0.18.10-hotspot\bin\verify.dll
0x00007fff6d620000 - 0x00007fff6d804000 	C:\Windows\SYSTEM32\DBGHELP.DLL
0x00007fff6d9b0000 - 0x00007fff6d9dc000 	C:\Windows\SYSTEM32\dbgcore.DLL
0x00007fff7a3d0000 - 0x00007fff7a452000 	C:\Windows\System32\bcryptPrimitives.dll
0x00007fff74f10000 - 0x00007fff74f38000 	C:\Program Files\Microsoft\jdk-11.0.18.10-hotspot\bin\java.dll
0x00007fff74f00000 - 0x00007fff74f0a000 	C:\Program Files\Microsoft\jdk-11.0.18.10-hotspot\bin\jimage.dll
0x00007fff6b530000 - 0x00007fff6b548000 	C:\Program Files\Microsoft\jdk-11.0.18.10-hotspot\bin\zip.dll
0x00007fff7b9f0000 - 0x00007fff7c134000 	C:\Windows\System32\SHELL32.dll
0x00007fff78210000 - 0x00007fff789a4000 	C:\Windows\SYSTEM32\windows.storage.dll
0x00007fff7ab20000 - 0x00007fff7ae74000 	C:\Windows\System32\combase.dll
0x00007fff79b70000 - 0x00007fff79ba0000 	C:\Windows\SYSTEM32\Wldp.dll
0x00007fff7b940000 - 0x00007fff7b9ed000 	C:\Windows\System32\SHCORE.dll
0x00007fff7b8e0000 - 0x00007fff7b935000 	C:\Windows\System32\shlwapi.dll
0x00007fff7a050000 - 0x00007fff7a06f000 	C:\Windows\SYSTEM32\profapi.dll
0x00007fff6b510000 - 0x00007fff6b529000 	C:\Program Files\Microsoft\jdk-11.0.18.10-hotspot\bin\net.dll
0x00007fff6f830000 - 0x00007fff6f93a000 	C:\Windows\SYSTEM32\WINHTTP.dll
0x00007fff798d0000 - 0x00007fff7993a000 	C:\Windows\system32\mswsock.dll
0x00007fff6b4f0000 - 0x00007fff6b503000 	C:\Program Files\Microsoft\jdk-11.0.18.10-hotspot\bin\nio.dll

dbghelp: loaded successfully - version: 4.0.5 - missing functions: none
symbol engine: initialized successfully - sym options: 0x614 - pdb path: .;C:\Program Files\Microsoft\jdk-11.0.18.10-hotspot\bin;C:\Windows\SYSTEM32;C:\Windows\WinSxS\amd64_microsoft.windows.common-controls_6595b64144ccf1df_6.0.19041.1110_none_60b5254171f9507e;C:\Program Files\Microsoft\jdk-11.0.18.10-hotspot\bin\server

VM Arguments:
jvm_args: -Xmx64m -Xms64m -Dorg.gradle.appname=gradlew 
java_command: org.gradle.wrapper.GradleWrapperMain app:installDebug -PreactNativeDevServerPort=8081
java_class_path (initial): D:\MuplayCli\muplay\android\\gradle\wrapper\gradle-wrapper.jar
Launcher Type: SUN_STANDARD

[Global flags]
     intx CICompilerCount                          = 3                                         {product} {ergonomic}
     uint ConcGCThreads                            = 1                                         {product} {ergonomic}
     uint G1ConcRefinementThreads                  = 4                                         {product} {ergonomic}
   size_t G1HeapRegionSize                         = 1048576                                   {product} {ergonomic}
    uintx GCDrainStackTargetSize                   = 64                                        {product} {ergonomic}
   size_t InitialHeapSize                          = 67108864                                  {product} {command line}
   size_t MarkStackSize                            = 4194304                                   {product} {ergonomic}
   size_t MaxHeapSize                              = 67108864                                  {product} {command line}
   size_t MaxNewSize                               = 39845888                                  {product} {ergonomic}
   size_t MinHeapDeltaBytes                        = 1048576                                   {product} {ergonomic}
    uintx NonNMethodCodeHeapSize                   = 5830732                                {pd product} {ergonomic}
    uintx NonProfiledCodeHeapSize                  = 122913754                              {pd product} {ergonomic}
    uintx ProfiledCodeHeapSize                     = 122913754                              {pd product} {ergonomic}
    uintx ReservedCodeCacheSize                    = 251658240                              {pd product} {ergonomic}
     bool SegmentedCodeCache                       = true                                      {product} {ergonomic}
     bool UseCompressedClassPointers               = true                                 {lp64_product} {ergonomic}
     bool UseCompressedOops                        = true                                 {lp64_product} {ergonomic}
     bool UseG1GC                                  = true                                      {product} {ergonomic}
     bool UseLargePagesIndividualAllocation        = false                                  {pd product} {ergonomic}

Logging:
Log output configuration:
 #0: stdout all=warning uptime,level,tags
 #1: stderr all=off uptime,level,tags

Environment Variables:
JAVA_HOME=C:\Program Files\Microsoft\jdk-11.0.18.10-hotspot\
CLASSPATH=D:\MuplayCli\muplay\android\\gradle\wrapper\gradle-wrapper.jar
PATH=D:\MuplayCli\muplay\android\node_modules\.bin;D:\MuplayCli\muplay\node_modules\.bin;D:\MuplayCli\node_modules\.bin;D:\node_modules\.bin;C:\Program Files\nodejs;D:\MuplayCli\muplay\node_modules\.bin;D:\MuplayCli\node_modules\.bin;D:\node_modules\.bin;C:\Program Files\nodejs\node_modules\npm\node_modules\@npmcli\run-script\lib\node-gyp-bin;C:\Program Files\Microsoft\jdk-11.0.18.10-hotspot\bin;C:\Python311\Scripts\;C:\Python311\;C:\Windows\system32;C:\Windows;C:\Windows\System32\Wbem;C:\Windows\System32\WindowsPowerShell\v1.0\;C:\Windows\System32\OpenSSH\;D:\xampp\php;C:\ProgramData\ComposerSetup\bin;C:\Program Files\Git\cmd;C:\Program Files\Java\jdk-18.0.1.1\bin;D:\xampp\xampp\php;C:\ProgramData\chocolatey\bin;C:\Program Files\Java\jdk-18.0.1.1\bin;C:\Program Files\nodejs\;C:\Users\binda\AppData\Local\Microsoft\WindowsApps;C:\Users\binda\AppData\Local\Programs\Microsoft VS Code\bin;C:\Users\binda\AppData\Roaming\Composer\vendor\bin;C:\Users\binda\AppData\Local\Android\Sdk\platform-tools;C:\Users\binda\AppData\Roaming\npm
USERNAME=LevonoL430
OS=Windows_NT
PROCESSOR_IDENTIFIER=Intel64 Family 6 Model 42 Stepping 7, GenuineIntel
TMP=C:\Users\binda\AppData\Local\Temp
TEMP=C:\Users\binda\AppData\Local\Temp



---------------  S Y S T E M  ---------------

OS: Windows 10 , 64 bit Build 19041 (10.0.19041.1889)
OS uptime: 0 days 9:26 hours

CPU:total 4 (initial active 4) (2 cores per cpu, 2 threads per core) family 6 model 42 stepping 7 microcode 0x2f, cmov, cx8, fxsr, mmx, sse, sse2, sse3, ssse3, sse4.1, sse4.2, popcnt, avx, aes, clmul, ht, tsc, tscinvbit

Memory: 4k page, system-wide physical 3921M (854M free)
TotalPageFile size 8318M (AvailPageFile size 4M)
current process WorkingSet (physical memory assigned to process): 54M, peak: 54M
current process commit charge ("private bytes"): 137M, peak: 137M

vm_info: OpenJDK 64-Bit Server VM (11.0.18+10-LTS) for windows-amd64 JRE (11.0.18+10-LTS), built on Jan 18 2023 15:56:47 by "MicrosoftCorporation" with MS VC++ 15.9 (VS2017)

END.
