#
# There is insufficient memory for the Java Runtime Environment to continue.
# Native memory allocation (mmap) failed to map 32505856 bytes for Failed to commit area from 0x0000000089a00000 to 0x000000008b900000 of length 32505856.
# Possible reasons:
#   The system is out of physical RAM or swap space
#   The process is running with CompressedOops enabled, and the Java Heap may be blocking the growth of the native heap
# Possible solutions:
#   Reduce memory load on the system
#   Increase physical memory or swap space
#   Check if swap backing store is full
#   Decrease Java heap size (-Xmx/-Xms)
#   Decrease number of Java threads
#   Decrease Java thread stack sizes (-Xss)
#   Set larger code cache with -XX:ReservedCodeCacheSize=
#   JVM is running with Unscaled Compressed Oops mode in which the Java heap is
#     placed in the first 4GB address space. The Java Heap base address is the
#     maximum limit for the native heap growth. Please use -XX:HeapBaseMinAddress
#     to set the Java Heap base and to place the Java Heap above 4GB virtual address.
# This output file may be truncated or incomplete.
#
#  Out of Memory Error (src/hotspot/os/windows/os_windows.cpp:3627), pid=10968, tid=3304
#
# JRE version: OpenJDK Runtime Environment (11.0.15) (build 11.0.15+0-b2043.56-9505619)
# Java VM: OpenJDK 64-Bit Server VM (11.0.15+0-b2043.56-9505619, mixed mode, tiered, compressed oops, g1 gc, windows-amd64)
# No core dump will be written. Minidumps are not enabled by default on client versions of Windows
#

---------------  S U M M A R Y ------------

Command Line: -XX:MaxMetaspaceSize=512m --add-opens=java.base/java.util=ALL-UNNAMED --add-opens=java.base/java.lang=ALL-UNNAMED --add-opens=java.base/java.lang.invoke=ALL-UNNAMED --add-opens=java.base/java.util=ALL-UNNAMED --add-opens=java.prefs/java.util.prefs=ALL-UNNAMED --add-opens=java.prefs/java.util.prefs=ALL-UNNAMED --add-opens=java.base/java.nio.charset=ALL-UNNAMED --add-opens=java.base/java.net=ALL-UNNAMED --add-opens=java.base/java.util.concurrent.atomic=ALL-UNNAMED -Xmx2048m -Dfile.encoding=windows-1252 -Duser.country=IN -Duser.language=en -Duser.variant org.gradle.launcher.daemon.bootstrap.GradleDaemon 7.5.1

Host: Intel(R) Core(TM) i5-2520M CPU @ 2.50GHz, 4 cores, 3G,  Windows 10 , 64 bit Build 19041 (10.0.19041.1889)
Time: Mon Mar 20 09:50:42 2023 India Standard Time elapsed time: 38.925434 seconds (0d 0h 0m 38s)

---------------  T H R E A D  ---------------

Current thread (0x0000020c319ab000):  VMThread "VM Thread" [stack: 0x000000ebe7f00000,0x000000ebe8000000] [id=3304]

Stack: [0x000000ebe7f00000,0x000000ebe8000000]
[error occurred during error reporting (printing stack bounds), id 0xc0000005, EXCEPTION_ACCESS_VIOLATION (0xc0000005) at pc=0x0000020c1b12112d]

Native frames: (J=compiled Java code, j=interpreted, Vv=VM code, C=native code)
V  [jvm.dll+0x64135a]
V  [jvm.dll+0x7d39f9]
V  [jvm.dll+0x7d51b9]
V  [jvm.dll+0x7d5805]
V  [jvm.dll+0x7d57bb]
V  [jvm.dll+0x640655]
V  [jvm.dll+0x640d68]
C  [ntdll.dll+0xa229f]
C  [ntdll.dll+0x51454]
C  [ntdll.dll+0xa0dce]
C  0x0000020c1b12112d

VM_Operation (0x000000ebe93f5800): G1CollectForAllocation, mode: safepoint, requested by thread 0x0000020c33fd7000


---------------  P R O C E S S  ---------------

Threads class SMR info:
_java_thread_list=0x0000020c37e05ba0, length=74, elements={
0x0000020c175f2800, 0x0000020c319af800, 0x0000020c319b1000, 0x0000020c31a10000,
0x0000020c31a11000, 0x0000020c31a14000, 0x0000020c31a17000, 0x0000020c31a24000,
0x0000020c31a25800, 0x0000020c31c7e800, 0x0000020c32f2d800, 0x0000020c328d2800,
0x0000020c33133800, 0x0000020c326c9800, 0x0000020c33d1f000, 0x0000020c33fd6000,
0x0000020c33fd7000, 0x0000020c33fd9000, 0x0000020c33f0b000, 0x0000020c33cf9800,
0x0000020c33c67800, 0x0000020c33c65000, 0x0000020c33c6a000, 0x0000020c33c69800,
0x0000020c33c66000, 0x0000020c33c64800, 0x0000020c33c6b000, 0x0000020c33c67000,
0x0000020c33c68800, 0x0000020c3281a000, 0x0000020c3281a800, 0x0000020c3281c800,
0x0000020c3281b800, 0x0000020c3281d000, 0x0000020c3281e000, 0x0000020c32824800,
0x0000020c32821800, 0x0000020c3281f800, 0x0000020c32820800, 0x0000020c32823000,
0x0000020c32822000, 0x0000020c32826000, 0x0000020c32827000, 0x0000020c32823800,
0x0000020c32825800, 0x0000020c346ca800, 0x0000020c346c9800, 0x0000020c346d0000,
0x0000020c346cd000, 0x0000020c346d1000, 0x0000020c346ce000, 0x0000020c346ce800,
0x0000020c346cb800, 0x0000020c346cf800, 0x0000020c346d2000, 0x0000020c346cc000,
0x0000020c346d4800, 0x0000020c346d6800, 0x0000020c346d3800, 0x0000020c346d7800,
0x0000020c346d5000, 0x0000020c346d8800, 0x0000020c346d6000, 0x0000020c346d2800,
0x0000020c34725800, 0x0000020c34721800, 0x0000020c34723000, 0x0000020c34726000,
0x0000020c34723800, 0x0000020c34727000, 0x0000020c34728000, 0x0000020c34724800,
0x0000020c34722000, 0x0000020c3472a800
}

Java Threads: ( => current thread )
  0x0000020c175f2800 JavaThread "main" [_thread_blocked, id=10096, stack(0x000000ebe7900000,0x000000ebe7a00000)]
  0x0000020c319af800 JavaThread "Reference Handler" daemon [_thread_blocked, id=11736, stack(0x000000ebe8000000,0x000000ebe8100000)]
  0x0000020c319b1000 JavaThread "Finalizer" daemon [_thread_blocked, id=11096, stack(0x000000ebe8100000,0x000000ebe8200000)]
  0x0000020c31a10000 JavaThread "Signal Dispatcher" daemon [_thread_blocked, id=9128, stack(0x000000ebe8200000,0x000000ebe8300000)]
  0x0000020c31a11000 JavaThread "Attach Listener" daemon [_thread_blocked, id=7848, stack(0x000000ebe8300000,0x000000ebe8400000)]
  0x0000020c31a14000 JavaThread "Service Thread" daemon [_thread_blocked, id=2504, stack(0x000000ebe8400000,0x000000ebe8500000)]
  0x0000020c31a17000 JavaThread "C2 CompilerThread0" daemon [_thread_in_native, id=11068, stack(0x000000ebe8500000,0x000000ebe8600000)]
  0x0000020c31a24000 JavaThread "C1 CompilerThread0" daemon [_thread_blocked, id=5960, stack(0x000000ebe8600000,0x000000ebe8700000)]
  0x0000020c31a25800 JavaThread "Sweeper thread" daemon [_thread_blocked, id=8476, stack(0x000000ebe8700000,0x000000ebe8800000)]
  0x0000020c31c7e800 JavaThread "Common-Cleaner" daemon [_thread_blocked, id=2764, stack(0x000000ebe8800000,0x000000ebe8900000)]
  0x0000020c32f2d800 JavaThread "Daemon health stats" [_thread_blocked, id=12700, stack(0x000000ebe8b00000,0x000000ebe8c00000)]
  0x0000020c328d2800 JavaThread "Incoming local TCP Connector on port 54563" [_thread_in_native, id=2492, stack(0x000000ebe8c00000,0x000000ebe8d00000)]
  0x0000020c33133800 JavaThread "Daemon periodic checks" [_thread_blocked, id=10712, stack(0x000000ebe8f00000,0x000000ebe9000000)]
  0x0000020c326c9800 JavaThread "Daemon" [_thread_blocked, id=9148, stack(0x000000ebe9000000,0x000000ebe9100000)]
  0x0000020c33d1f000 JavaThread "Handler for socket connection from /127.0.0.1:54563 to /127.0.0.1:54564" [_thread_in_native, id=5548, stack(0x000000ebe9100000,0x000000ebe9200000)]
  0x0000020c33fd6000 JavaThread "Cancel handler" [_thread_blocked, id=3892, stack(0x000000ebe9200000,0x000000ebe9300000)]
  0x0000020c33fd7000 JavaThread "Daemon worker" [_thread_blocked, id=4412, stack(0x000000ebe9300000,0x000000ebe9400000)]
  0x0000020c33fd9000 JavaThread "Asynchronous log dispatcher for DefaultDaemonConnection: socket connection from /127.0.0.1:54563 to /127.0.0.1:54564" [_thread_blocked, id=8300, stack(0x000000ebe9400000,0x000000ebe9500000)]
  0x0000020c33f0b000 JavaThread "Stdin handler" [_thread_blocked, id=7108, stack(0x000000ebe9500000,0x000000ebe9600000)]
  0x0000020c33cf9800 JavaThread "Daemon client event forwarder" [_thread_blocked, id=1440, stack(0x000000ebe9600000,0x000000ebe9700000)]
  0x0000020c33c67800 JavaThread "Cache worker for journal cache (C:\Users\binda\.gradle\caches\journal-1)" [_thread_blocked, id=9764, stack(0x000000ebe9700000,0x000000ebe9800000)]
  0x0000020c33c65000 JavaThread "File lock request listener" [_thread_in_native, id=5160, stack(0x000000ebe9800000,0x000000ebe9900000)]
  0x0000020c33c6a000 JavaThread "Cache worker for file hash cache (C:\Users\binda\.gradle\caches\7.5.1\fileHashes)" [_thread_blocked, id=8168, stack(0x000000ebe9900000,0x000000ebe9a00000)]
  0x0000020c33c69800 JavaThread "File watcher server" daemon [_thread_in_native, id=9864, stack(0x000000ebe9a00000,0x000000ebe9b00000)]
  0x0000020c33c66000 JavaThread "File watcher consumer" daemon [_thread_blocked, id=4908, stack(0x000000ebe9b00000,0x000000ebe9c00000)]
  0x0000020c33c64800 JavaThread "jar transforms" [_thread_blocked, id=6276, stack(0x000000ebe9c00000,0x000000ebe9d00000)]
  0x0000020c33c6b000 JavaThread "jar transforms Thread 2" [_thread_blocked, id=10656, stack(0x000000ebe9d00000,0x000000ebe9e00000)]
  0x0000020c33c67000 JavaThread "jar transforms Thread 3" [_thread_blocked, id=11148, stack(0x000000ebe9e00000,0x000000ebe9f00000)]
  0x0000020c33c68800 JavaThread "jar transforms Thread 4" [_thread_blocked, id=1116, stack(0x000000ebe9f00000,0x000000ebea000000)]
  0x0000020c3281a000 JavaThread "Cache worker for checksums cache (D:\MuplayCli\muplay\android\.gradle\7.5.1\checksums)" [_thread_blocked, id=12508, stack(0x000000ebea000000,0x000000ebea100000)]
  0x0000020c3281a800 JavaThread "Cache worker for cache directory md-rule (C:\Users\binda\.gradle\caches\7.5.1\md-rule)" [_thread_blocked, id=4084, stack(0x000000ebea100000,0x000000ebea200000)]
  0x0000020c3281c800 JavaThread "Cache worker for file content cache (C:\Users\binda\.gradle\caches\7.5.1\fileContent)" [_thread_blocked, id=7932, stack(0x000000ebea200000,0x000000ebea300000)]
  0x0000020c3281b800 JavaThread "Cache worker for file hash cache (D:\MuplayCli\muplay\android\.gradle\7.5.1\fileHashes)" [_thread_blocked, id=8292, stack(0x000000ebea300000,0x000000ebea400000)]
  0x0000020c3281d000 JavaThread "Cache worker for cache directory md-supplier (C:\Users\binda\.gradle\caches\7.5.1\md-supplier)" [_thread_blocked, id=3272, stack(0x000000ebea400000,0x000000ebea500000)]
  0x0000020c3281e000 JavaThread "Cache worker for execution history cache (C:\Users\binda\.gradle\caches\7.5.1\executionHistory)" [_thread_blocked, id=13268, stack(0x000000ebea500000,0x000000ebea600000)]
  0x0000020c32824800 JavaThread "Cache worker for kotlin-dsl (C:\Users\binda\.gradle\caches\7.5.1\kotlin-dsl)" [_thread_blocked, id=7964, stack(0x000000ebea800000,0x000000ebea900000)]
  0x0000020c32821800 JavaThread "Cache worker for dependencies-accessors (D:\MuplayCli\muplay\android\.gradle\7.5.1\dependencies-accessors)" [_thread_blocked, id=9300, stack(0x000000ebea900000,0x000000ebeaa00000)]
  0x0000020c3281f800 JavaThread "Cache worker for Build Output Cleanup Cache (D:\MuplayCli\muplay\android\.gradle\buildOutputCleanup)" [_thread_blocked, id=4480, stack(0x000000ebeaa00000,0x000000ebeab00000)]
  0x0000020c32820800 JavaThread "Cache worker for Build Output Cleanup Cache (D:\MuplayCli\muplay\node_modules\react-native-gradle-plugin\.gradle\buildOutputCleanup)" [_thread_blocked, id=1716, stack(0x000000ebeab00000,0x000000ebeac00000)]
  0x0000020c32823000 JavaThread "Unconstrained build operations" [_thread_blocked, id=8648, stack(0x000000ebeac00000,0x000000ebead00000)]
  0x0000020c32822000 JavaThread "Unconstrained build operations Thread 2" [_thread_blocked, id=13100, stack(0x000000ebead00000,0x000000ebeae00000)]
  0x0000020c32826000 JavaThread "Unconstrained build operations Thread 3" [_thread_blocked, id=10324, stack(0x000000ebeae00000,0x000000ebeaf00000)]
  0x0000020c32827000 JavaThread "Unconstrained build operations Thread 4" [_thread_blocked, id=9164, stack(0x000000ebeaf00000,0x000000ebeb000000)]
  0x0000020c32823800 JavaThread "Unconstrained build operations Thread 5" [_thread_blocked, id=252, stack(0x000000ebeb000000,0x000000ebeb100000)]
  0x0000020c32825800 JavaThread "Unconstrained build operations Thread 6" [_thread_blocked, id=11692, stack(0x000000ebeb100000,0x000000ebeb200000)]
  0x0000020c346ca800 JavaThread "Unconstrained build operations Thread 7" [_thread_blocked, id=11960, stack(0x000000ebeb200000,0x000000ebeb300000)]
  0x0000020c346c9800 JavaThread "Unconstrained build operations Thread 8" [_thread_blocked, id=11904, stack(0x000000ebeb300000,0x000000ebeb400000)]
  0x0000020c346d0000 JavaThread "Unconstrained build operations Thread 9" [_thread_blocked, id=9588, stack(0x000000ebeb400000,0x000000ebeb500000)]
  0x0000020c346cd000 JavaThread "Unconstrained build operations Thread 10" [_thread_blocked, id=7908, stack(0x000000ebeb500000,0x000000ebeb600000)]
  0x0000020c346d1000 JavaThread "Unconstrained build operations Thread 11" [_thread_blocked, id=11252, stack(0x000000ebeb600000,0x000000ebeb700000)]
  0x0000020c346ce000 JavaThread "Unconstrained build operations Thread 12" [_thread_blocked, id=344, stack(0x000000ebeb700000,0x000000ebeb800000)]
  0x0000020c346ce800 JavaThread "Unconstrained build operations Thread 13" [_thread_blocked, id=6788, stack(0x000000ebeb800000,0x000000ebeb900000)]
  0x0000020c346cb800 JavaThread "Unconstrained build operations Thread 14" [_thread_blocked, id=11020, stack(0x000000ebeb900000,0x000000ebeba00000)]
  0x0000020c346cf800 JavaThread "Unconstrained build operations Thread 15" [_thread_blocked, id=5968, stack(0x000000ebeba00000,0x000000ebebb00000)]
  0x0000020c346d2000 JavaThread "Unconstrained build operations Thread 16" [_thread_blocked, id=7948, stack(0x000000ebebb00000,0x000000ebebc00000)]
  0x0000020c346cc000 JavaThread "Unconstrained build operations Thread 17" [_thread_blocked, id=232, stack(0x000000ebebc00000,0x000000ebebd00000)]
  0x0000020c346d4800 JavaThread "Unconstrained build operations Thread 18" [_thread_blocked, id=2500, stack(0x000000ebebd00000,0x000000ebebe00000)]
  0x0000020c346d6800 JavaThread "Unconstrained build operations Thread 19" [_thread_blocked, id=648, stack(0x000000ebebe00000,0x000000ebebf00000)]
  0x0000020c346d3800 JavaThread "Unconstrained build operations Thread 20" [_thread_blocked, id=6744, stack(0x000000ebebf00000,0x000000ebec000000)]
  0x0000020c346d7800 JavaThread "Unconstrained build operations Thread 21" [_thread_blocked, id=6152, stack(0x000000ebec000000,0x000000ebec100000)]
  0x0000020c346d5000 JavaThread "Unconstrained build operations Thread 22" [_thread_blocked, id=3384, stack(0x000000ebec100000,0x000000ebec200000)]
  0x0000020c346d8800 JavaThread "Unconstrained build operations Thread 23" [_thread_blocked, id=11208, stack(0x000000ebec200000,0x000000ebec300000)]
  0x0000020c346d6000 JavaThread "Unconstrained build operations Thread 24" [_thread_blocked, id=11220, stack(0x000000ebec300000,0x000000ebec400000)]
  0x0000020c346d2800 JavaThread "Unconstrained build operations Thread 25" [_thread_blocked, id=4692, stack(0x000000ebec400000,0x000000ebec500000)]
  0x0000020c34725800 JavaThread "Unconstrained build operations Thread 26" [_thread_blocked, id=4076, stack(0x000000ebec500000,0x000000ebec600000)]
  0x0000020c34721800 JavaThread "Unconstrained build operations Thread 27" [_thread_blocked, id=6216, stack(0x000000ebec600000,0x000000ebec700000)]
  0x0000020c34723000 JavaThread "Unconstrained build operations Thread 28" [_thread_blocked, id=12084, stack(0x000000ebec700000,0x000000ebec800000)]
  0x0000020c34726000 JavaThread "Unconstrained build operations Thread 29" [_thread_blocked, id=8556, stack(0x000000ebec800000,0x000000ebec900000)]
  0x0000020c34723800 JavaThread "Unconstrained build operations Thread 30" [_thread_blocked, id=12636, stack(0x000000ebec900000,0x000000ebeca00000)]
  0x0000020c34727000 JavaThread "Unconstrained build operations Thread 31" [_thread_blocked, id=2436, stack(0x000000ebeca00000,0x000000ebecb00000)]
  0x0000020c34728000 JavaThread "Unconstrained build operations Thread 32" [_thread_blocked, id=7300, stack(0x000000ebecb00000,0x000000ebecc00000)]
  0x0000020c34724800 JavaThread "Unconstrained build operations Thread 33" [_thread_blocked, id=5992, stack(0x000000ebecc00000,0x000000ebecd00000)]
  0x0000020c34722000 JavaThread "build event listener" [_thread_blocked, id=7352, stack(0x000000ebecd00000,0x000000ebece00000)]
  0x0000020c3472a800 JavaThread "Memory manager" [_thread_blocked, id=6288, stack(0x000000ebece00000,0x000000ebecf00000)]

Other Threads:
=>0x0000020c319ab000 VMThread "VM Thread" [stack: 0x000000ebe7f00000,0x000000ebe8000000] [id=3304]
  0x0000020c31c81000 WatcherThread [stack: 0x000000ebe8900000,0x000000ebe8a00000] [id=2348]
  0x0000020c1760d000 GCTaskThread "GC Thread#0" [stack: 0x000000ebe7a00000,0x000000ebe7b00000] [id=11920]
  0x0000020c32436800 GCTaskThread "GC Thread#1" [stack: 0x000000ebe8a00000,0x000000ebe8b00000] [id=12188]
  0x0000020c33f14000 GCTaskThread "GC Thread#2" [stack: 0x000000ebe8d00000,0x000000ebe8e00000] [id=5736]
  0x0000020c333ee000 GCTaskThread "GC Thread#3" [stack: 0x000000ebe8e00000,0x000000ebe8f00000] [id=2056]
  0x0000020c1763e000 ConcurrentGCThread "G1 Main Marker" [stack: 0x000000ebe7b00000,0x000000ebe7c00000] [id=8216]
  0x0000020c1763f800 ConcurrentGCThread "G1 Conc#0" [stack: 0x000000ebe7c00000,0x000000ebe7d00000] [id=8792]
  0x0000020c1769a000 ConcurrentGCThread "G1 Refine#0" [stack: 0x000000ebe7d00000,0x000000ebe7e00000] [id=7252]
  0x0000020c1769b000 ConcurrentGCThread "G1 Young RemSet Sampling" [stack: 0x000000ebe7e00000,0x000000ebe7f00000] [id=2980]

Threads with active compile tasks:
C2 CompilerThread0    38964 6344       4       java.net.URLClassLoader$1::run (5 bytes)

VM state:at safepoint (normal execution)

VM Mutex/Monitor currently owned by a thread:  ([mutex/lock_event])
[0x0000020c175ee030] Threads_lock - owner thread: 0x0000020c319ab000
[0x0000020c175ef230] Heap_lock - owner thread: 0x0000020c33fd7000

Heap address: 0x0000000080000000, size: 2048 MB, Compressed Oops mode: 32-bit
Narrow klass base: 0x0000000000000000, Narrow klass shift: 3
Compressed class space size: 528482304 Address: 0x0000000100000000

Heap:
 garbage-first heap   total 189440K, used 97720K [0x0000000080000000, 0x0000000100000000)
  region size 1024K, 4 young (4096K), 4 survivors (4096K)
 Metaspace       used 66666K, capacity 68824K, committed 69040K, reserved 575488K
  class space    used 8741K, capacity 9644K, committed 9728K, reserved 516096K
Heap Regions: E=young(eden), S=young(survivor), O=old, HS=humongous(starts), HC=humongous(continues), CS=collection set, F=free, A=archive, TAMS=top-at-mark-start (previous, next)
|   0|0x0000000080000000, 0x0000000080100000, 0x0000000080100000|100%|HS|  |TAMS 0x0000000080100000, 0x0000000080100000| Complete 
|   1|0x0000000080100000, 0x0000000080200000, 0x0000000080200000|100%|HC|  |TAMS 0x0000000080200000, 0x0000000080200000| Complete 
|   2|0x0000000080200000, 0x0000000080300000, 0x0000000080300000|100%|HC|  |TAMS 0x0000000080300000, 0x0000000080300000| Complete 
|   3|0x0000000080300000, 0x0000000080400000, 0x0000000080400000|100%| O|  |TAMS 0x0000000080400000, 0x0000000080400000| Untracked 
|   4|0x0000000080400000, 0x0000000080500000, 0x0000000080500000|100%| O|  |TAMS 0x0000000080500000, 0x0000000080500000| Untracked 
|   5|0x0000000080500000, 0x0000000080600000, 0x0000000080600000|100%| O|  |TAMS 0x0000000080600000, 0x0000000080600000| Untracked 
|   6|0x0000000080600000, 0x0000000080700000, 0x0000000080700000|100%| O|  |TAMS 0x0000000080700000, 0x0000000080700000| Untracked 
|   7|0x0000000080700000, 0x0000000080800000, 0x0000000080800000|100%| O|  |TAMS 0x0000000080800000, 0x0000000080800000| Untracked 
|   8|0x0000000080800000, 0x0000000080900000, 0x0000000080900000|100%| O|  |TAMS 0x0000000080900000, 0x0000000080900000| Untracked 
|   9|0x0000000080900000, 0x0000000080a00000, 0x0000000080a00000|100%| O|  |TAMS 0x0000000080a00000, 0x0000000080a00000| Untracked 
|  10|0x0000000080a00000, 0x0000000080b00000, 0x0000000080b00000|100%| O|  |TAMS 0x0000000080b00000, 0x0000000080b00000| Untracked 
|  11|0x0000000080b00000, 0x0000000080c00000, 0x0000000080c00000|100%| O|  |TAMS 0x0000000080c00000, 0x0000000080c00000| Untracked 
|  12|0x0000000080c00000, 0x0000000080d00000, 0x0000000080d00000|100%| O|  |TAMS 0x0000000080d00000, 0x0000000080d00000| Untracked 
|  13|0x0000000080d00000, 0x0000000080e00000, 0x0000000080e00000|100%| O|  |TAMS 0x0000000080e00000, 0x0000000080e00000| Untracked 
|  14|0x0000000080e00000, 0x0000000080f00000, 0x0000000080f00000|100%| O|  |TAMS 0x0000000080f00000, 0x0000000080f00000| Untracked 
|  15|0x0000000080f00000, 0x0000000081000000, 0x0000000081000000|100%| O|  |TAMS 0x0000000081000000, 0x0000000081000000| Untracked 
|  16|0x0000000081000000, 0x0000000081100000, 0x0000000081100000|100%| O|  |TAMS 0x0000000081100000, 0x0000000081100000| Untracked 
|  17|0x0000000081100000, 0x0000000081200000, 0x0000000081200000|100%|HS|  |TAMS 0x0000000081200000, 0x0000000081200000| Complete 
|  18|0x0000000081200000, 0x0000000081300000, 0x0000000081300000|100%|HC|  |TAMS 0x0000000081300000, 0x0000000081300000| Complete 
|  19|0x0000000081300000, 0x0000000081400000, 0x0000000081400000|100%|HS|  |TAMS 0x0000000081400000, 0x0000000081400000| Complete 
|  20|0x0000000081400000, 0x0000000081500000, 0x0000000081500000|100%|HC|  |TAMS 0x0000000081500000, 0x0000000081500000| Complete 
|  21|0x0000000081500000, 0x0000000081600000, 0x0000000081600000|100%|HC|  |TAMS 0x0000000081600000, 0x0000000081600000| Complete 
|  22|0x0000000081600000, 0x0000000081700000, 0x0000000081700000|100%|HS|  |TAMS 0x0000000081700000, 0x0000000081700000| Complete 
|  23|0x0000000081700000, 0x0000000081800000, 0x0000000081800000|100%|HC|  |TAMS 0x0000000081800000, 0x0000000081800000| Complete 
|  24|0x0000000081800000, 0x0000000081900000, 0x0000000081900000|100%|HC|  |TAMS 0x0000000081900000, 0x0000000081900000| Complete 
|  25|0x0000000081900000, 0x0000000081a00000, 0x0000000081a00000|100%| O|  |TAMS 0x0000000081a00000, 0x0000000081a00000| Untracked 
|  26|0x0000000081a00000, 0x0000000081b00000, 0x0000000081b00000|100%|HS|  |TAMS 0x0000000081b00000, 0x0000000081b00000| Complete 
|  27|0x0000000081b00000, 0x0000000081c00000, 0x0000000081c00000|100%|HC|  |TAMS 0x0000000081c00000, 0x0000000081c00000| Complete 
|  28|0x0000000081c00000, 0x0000000081d00000, 0x0000000081d00000|100%|HC|  |TAMS 0x0000000081d00000, 0x0000000081d00000| Complete 
|  29|0x0000000081d00000, 0x0000000081e00000, 0x0000000081e00000|100%|HC|  |TAMS 0x0000000081e00000, 0x0000000081e00000| Complete 
|  30|0x0000000081e00000, 0x0000000081f00000, 0x0000000081f00000|100%|HC|  |TAMS 0x0000000081f00000, 0x0000000081f00000| Complete 
|  31|0x0000000081f00000, 0x0000000082000000, 0x0000000082000000|100%|HS|  |TAMS 0x0000000082000000, 0x0000000082000000| Complete 
|  32|0x0000000082000000, 0x0000000082100000, 0x0000000082100000|100%|HC|  |TAMS 0x0000000082100000, 0x0000000082100000| Complete 
|  33|0x0000000082100000, 0x0000000082200000, 0x0000000082200000|100%| O|  |TAMS 0x0000000082200000, 0x0000000082200000| Untracked 
|  34|0x0000000082200000, 0x0000000082300000, 0x0000000082300000|100%| O|  |TAMS 0x0000000082300000, 0x0000000082300000| Untracked 
|  35|0x0000000082300000, 0x0000000082400000, 0x0000000082400000|100%| O|  |TAMS 0x0000000082400000, 0x0000000082400000| Untracked 
|  36|0x0000000082400000, 0x0000000082500000, 0x0000000082500000|100%| O|  |TAMS 0x0000000082500000, 0x0000000082500000| Untracked 
|  37|0x0000000082500000, 0x0000000082600000, 0x0000000082600000|100%| O|  |TAMS 0x0000000082600000, 0x0000000082600000| Untracked 
|  38|0x0000000082600000, 0x0000000082700000, 0x0000000082700000|100%| O|  |TAMS 0x0000000082700000, 0x0000000082700000| Untracked 
|  39|0x0000000082700000, 0x0000000082800000, 0x0000000082800000|100%| O|  |TAMS 0x0000000082800000, 0x0000000082800000| Untracked 
|  40|0x0000000082800000, 0x0000000082900000, 0x0000000082900000|100%| O|  |TAMS 0x0000000082900000, 0x0000000082900000| Untracked 
|  41|0x0000000082900000, 0x0000000082a00000, 0x0000000082a00000|100%| O|  |TAMS 0x0000000082a00000, 0x0000000082a00000| Untracked 
|  42|0x0000000082a00000, 0x0000000082b00000, 0x0000000082b00000|100%| O|  |TAMS 0x0000000082b00000, 0x0000000082b00000| Untracked 
|  43|0x0000000082b00000, 0x0000000082c00000, 0x0000000082c00000|100%| O|  |TAMS 0x0000000082c00000, 0x0000000082c00000| Untracked 
|  44|0x0000000082c00000, 0x0000000082d00000, 0x0000000082d00000|100%| O|  |TAMS 0x0000000082d00000, 0x0000000082d00000| Untracked 
|  45|0x0000000082d00000, 0x0000000082e00000, 0x0000000082e00000|100%| O|  |TAMS 0x0000000082e00000, 0x0000000082e00000| Untracked 
|  46|0x0000000082e00000, 0x0000000082f00000, 0x0000000082f00000|100%| O|  |TAMS 0x0000000082f00000, 0x0000000082f00000| Untracked 
|  47|0x0000000082f00000, 0x0000000083000000, 0x0000000083000000|100%| O|  |TAMS 0x0000000083000000, 0x0000000083000000| Untracked 
|  48|0x0000000083000000, 0x0000000083100000, 0x0000000083100000|100%|HS|  |TAMS 0x0000000083100000, 0x0000000083100000| Complete 
|  49|0x0000000083100000, 0x0000000083200000, 0x0000000083200000|100%|HC|  |TAMS 0x0000000083200000, 0x0000000083200000| Complete 
|  50|0x0000000083200000, 0x0000000083300000, 0x0000000083300000|100%|HC|  |TAMS 0x0000000083300000, 0x0000000083300000| Complete 
|  51|0x0000000083300000, 0x0000000083400000, 0x0000000083400000|100%|HS|  |TAMS 0x0000000083400000, 0x0000000083400000| Complete 
|  52|0x0000000083400000, 0x0000000083500000, 0x0000000083500000|100%|HC|  |TAMS 0x0000000083500000, 0x0000000083500000| Complete 
|  53|0x0000000083500000, 0x0000000083600000, 0x0000000083600000|100%|HS|  |TAMS 0x0000000083600000, 0x0000000083600000| Complete 
|  54|0x0000000083600000, 0x0000000083700000, 0x0000000083700000|100%|HC|  |TAMS 0x0000000083700000, 0x0000000083700000| Complete 
|  55|0x0000000083700000, 0x0000000083800000, 0x0000000083800000|100%|HC|  |TAMS 0x0000000083800000, 0x0000000083800000| Complete 
|  56|0x0000000083800000, 0x0000000083900000, 0x0000000083900000|100%|HC|  |TAMS 0x0000000083900000, 0x0000000083900000| Complete 
|  57|0x0000000083900000, 0x0000000083a00000, 0x0000000083a00000|100%|HC|  |TAMS 0x0000000083a00000, 0x0000000083a00000| Complete 
|  58|0x0000000083a00000, 0x0000000083b00000, 0x0000000083b00000|100%|HC|  |TAMS 0x0000000083b00000, 0x0000000083b00000| Complete 
|  59|0x0000000083b00000, 0x0000000083c00000, 0x0000000083c00000|100%|HC|  |TAMS 0x0000000083c00000, 0x0000000083c00000| Complete 
|  60|0x0000000083c00000, 0x0000000083d00000, 0x0000000083d00000|100%|HC|  |TAMS 0x0000000083d00000, 0x0000000083d00000| Complete 
|  61|0x0000000083d00000, 0x0000000083e00000, 0x0000000083e00000|100%|HC|  |TAMS 0x0000000083e00000, 0x0000000083e00000| Complete 
|  62|0x0000000083e00000, 0x0000000083f00000, 0x0000000083f00000|100%|HC|  |TAMS 0x0000000083f00000, 0x0000000083f00000| Complete 
|  63|0x0000000083f00000, 0x0000000084000000, 0x0000000084000000|100%|HS|  |TAMS 0x0000000084000000, 0x0000000084000000| Complete 
|  64|0x0000000084000000, 0x0000000084100000, 0x0000000084100000|100%|HC|  |TAMS 0x0000000084100000, 0x0000000084100000| Complete 
|  65|0x0000000084100000, 0x0000000084200000, 0x0000000084200000|100%|HS|  |TAMS 0x0000000084200000, 0x0000000084200000| Complete 
|  66|0x0000000084200000, 0x0000000084300000, 0x0000000084300000|100%|HC|  |TAMS 0x0000000084300000, 0x0000000084300000| Complete 
|  67|0x0000000084300000, 0x0000000084400000, 0x0000000084400000|100%|HC|  |TAMS 0x0000000084400000, 0x0000000084400000| Complete 
|  68|0x0000000084400000, 0x0000000084500000, 0x0000000084500000|100%| O|  |TAMS 0x0000000084500000, 0x0000000084500000| Untracked 
|  69|0x0000000084500000, 0x0000000084600000, 0x0000000084600000|100%| O|  |TAMS 0x0000000084600000, 0x0000000084600000| Untracked 
|  70|0x0000000084600000, 0x0000000084700000, 0x0000000084700000|100%| O|  |TAMS 0x0000000084700000, 0x0000000084700000| Untracked 
|  71|0x0000000084700000, 0x0000000084800000, 0x0000000084800000|100%| O|  |TAMS 0x0000000084800000, 0x0000000084800000| Untracked 
|  72|0x0000000084800000, 0x0000000084900000, 0x0000000084900000|100%| O|  |TAMS 0x0000000084900000, 0x0000000084900000| Untracked 
|  73|0x0000000084900000, 0x0000000084a00000, 0x0000000084a00000|100%| O|  |TAMS 0x0000000084a00000, 0x0000000084a00000| Untracked 
|  74|0x0000000084a00000, 0x0000000084b00000, 0x0000000084b00000|100%| O|  |TAMS 0x0000000084b00000, 0x0000000084b00000| Untracked 
|  75|0x0000000084b00000, 0x0000000084c00000, 0x0000000084c00000|100%| O|  |TAMS 0x0000000084c00000, 0x0000000084c00000| Untracked 
|  76|0x0000000084c00000, 0x0000000084d00000, 0x0000000084d00000|100%| O|  |TAMS 0x0000000084d00000, 0x0000000084d00000| Untracked 
|  77|0x0000000084d00000, 0x0000000084e00000, 0x0000000084e00000|100%| O|  |TAMS 0x0000000084e00000, 0x0000000084e00000| Untracked 
|  78|0x0000000084e00000, 0x0000000084f00000, 0x0000000084f00000|100%| O|  |TAMS 0x0000000084f00000, 0x0000000084f00000| Untracked 
|  79|0x0000000084f00000, 0x0000000085000000, 0x0000000085000000|100%|HS|  |TAMS 0x0000000085000000, 0x0000000085000000| Complete 
|  80|0x0000000085000000, 0x0000000085100000, 0x0000000085100000|100%|HC|  |TAMS 0x0000000085100000, 0x0000000085100000| Complete 
|  81|0x0000000085100000, 0x0000000085200000, 0x0000000085200000|100%|HC|  |TAMS 0x0000000085200000, 0x0000000085200000| Complete 
|  82|0x0000000085200000, 0x0000000085300000, 0x0000000085300000|100%|HC|  |TAMS 0x0000000085300000, 0x0000000085300000| Complete 
|  83|0x0000000085300000, 0x0000000085400000, 0x0000000085400000|100%|HC|  |TAMS 0x0000000085400000, 0x0000000085400000| Complete 
|  84|0x0000000085400000, 0x0000000085500000, 0x0000000085500000|100%|HS|  |TAMS 0x0000000085500000, 0x0000000085500000| Complete 
|  85|0x0000000085500000, 0x0000000085600000, 0x0000000085600000|100%|HS|  |TAMS 0x0000000085600000, 0x0000000085600000| Complete 
|  86|0x0000000085600000, 0x0000000085700000, 0x0000000085700000|100%|HC|  |TAMS 0x0000000085700000, 0x0000000085700000| Complete 
|  87|0x0000000085700000, 0x0000000085800000, 0x0000000085800000|100%|HC|  |TAMS 0x0000000085800000, 0x0000000085800000| Complete 
|  88|0x0000000085800000, 0x0000000085900000, 0x0000000085900000|100%| O|  |TAMS 0x0000000085900000, 0x0000000085900000| Untracked 
|  89|0x0000000085900000, 0x0000000085a00000, 0x0000000085a00000|100%| O|  |TAMS 0x0000000085a00000, 0x0000000085a00000| Untracked 
|  90|0x0000000085a00000, 0x0000000085b00000, 0x0000000085b00000|100%| O|  |TAMS 0x0000000085b00000, 0x0000000085b00000| Untracked 
|  91|0x0000000085b00000, 0x0000000085c00000, 0x0000000085c00000|100%| O|  |TAMS 0x0000000085b72000, 0x0000000085c00000| Untracked 
|  92|0x0000000085c00000, 0x0000000085c4f600, 0x0000000085d00000| 31%| O|  |TAMS 0x0000000085c00000, 0x0000000085c4f600| Untracked 
|  93|0x0000000085d00000, 0x0000000085d00000, 0x0000000085e00000|  0%| F|  |TAMS 0x0000000085d00000, 0x0000000085d00000| Untracked 
|  94|0x0000000085e00000, 0x0000000085e00000, 0x0000000085f00000|  0%| F|  |TAMS 0x0000000085e00000, 0x0000000085e00000| Untracked 
|  95|0x0000000085f00000, 0x0000000085f00000, 0x0000000086000000|  0%| F|  |TAMS 0x0000000085f00000, 0x0000000085f00000| Untracked 
|  96|0x0000000086000000, 0x0000000086000000, 0x0000000086100000|  0%| F|  |TAMS 0x0000000086000000, 0x0000000086000000| Untracked 
|  97|0x0000000086100000, 0x0000000086100000, 0x0000000086200000|  0%| F|  |TAMS 0x0000000086100000, 0x0000000086100000| Untracked 
|  98|0x0000000086200000, 0x0000000086200000, 0x0000000086300000|  0%| F|  |TAMS 0x0000000086200000, 0x0000000086200000| Untracked 
|  99|0x0000000086300000, 0x0000000086300000, 0x0000000086400000|  0%| F|  |TAMS 0x0000000086300000, 0x0000000086300000| Untracked 
| 100|0x0000000086400000, 0x0000000086400000, 0x0000000086500000|  0%| F|  |TAMS 0x0000000086400000, 0x0000000086400000| Untracked 
| 101|0x0000000086500000, 0x0000000086500000, 0x0000000086600000|  0%| F|  |TAMS 0x0000000086500000, 0x0000000086500000| Untracked 
| 102|0x0000000086600000, 0x0000000086600000, 0x0000000086700000|  0%| F|  |TAMS 0x0000000086600000, 0x0000000086600000| Untracked 
| 103|0x0000000086700000, 0x0000000086700000, 0x0000000086800000|  0%| F|  |TAMS 0x0000000086700000, 0x0000000086700000| Untracked 
| 104|0x0000000086800000, 0x0000000086800000, 0x0000000086900000|  0%| F|  |TAMS 0x0000000086800000, 0x0000000086800000| Untracked 
| 105|0x0000000086900000, 0x0000000086900000, 0x0000000086a00000|  0%| F|  |TAMS 0x0000000086900000, 0x0000000086900000| Untracked 
| 106|0x0000000086a00000, 0x0000000086a00000, 0x0000000086b00000|  0%| F|  |TAMS 0x0000000086a00000, 0x0000000086a00000| Untracked 
| 107|0x0000000086b00000, 0x0000000086b00000, 0x0000000086c00000|  0%| F|  |TAMS 0x0000000086b00000, 0x0000000086b00000| Untracked 
| 108|0x0000000086c00000, 0x0000000086c00000, 0x0000000086d00000|  0%| F|  |TAMS 0x0000000086c00000, 0x0000000086c00000| Untracked 
| 109|0x0000000086d00000, 0x0000000086d00000, 0x0000000086e00000|  0%| F|  |TAMS 0x0000000086d00000, 0x0000000086d00000| Untracked 
| 110|0x0000000086e00000, 0x0000000086e00000, 0x0000000086f00000|  0%| F|  |TAMS 0x0000000086e00000, 0x0000000086e00000| Untracked 
| 111|0x0000000086f00000, 0x0000000086f00000, 0x0000000087000000|  0%| F|  |TAMS 0x0000000086f00000, 0x0000000086f00000| Untracked 
| 112|0x0000000087000000, 0x0000000087000000, 0x0000000087100000|  0%| F|  |TAMS 0x0000000087000000, 0x0000000087000000| Untracked 
| 113|0x0000000087100000, 0x0000000087100000, 0x0000000087200000|  0%| F|  |TAMS 0x0000000087100000, 0x0000000087100000| Untracked 
| 114|0x0000000087200000, 0x0000000087200000, 0x0000000087300000|  0%| F|  |TAMS 0x0000000087200000, 0x0000000087200000| Untracked 
| 115|0x0000000087300000, 0x0000000087300000, 0x0000000087400000|  0%| F|  |TAMS 0x0000000087300000, 0x0000000087300000| Untracked 
| 116|0x0000000087400000, 0x0000000087400000, 0x0000000087500000|  0%| F|  |TAMS 0x0000000087400000, 0x0000000087400000| Untracked 
| 117|0x0000000087500000, 0x0000000087500000, 0x0000000087600000|  0%| F|  |TAMS 0x0000000087500000, 0x0000000087500000| Untracked 
| 118|0x0000000087600000, 0x0000000087600000, 0x0000000087700000|  0%| F|  |TAMS 0x0000000087600000, 0x0000000087600000| Untracked 
| 119|0x0000000087700000, 0x0000000087700000, 0x0000000087800000|  0%| F|  |TAMS 0x0000000087700000, 0x0000000087700000| Untracked 
| 120|0x0000000087800000, 0x000000008781ed30, 0x0000000087900000| 12%| S|CS|TAMS 0x0000000087800000, 0x0000000087800000| Complete 
| 121|0x0000000087900000, 0x0000000087a00000, 0x0000000087a00000|100%| S|CS|TAMS 0x0000000087900000, 0x0000000087900000| Complete 
| 122|0x0000000087a00000, 0x0000000087a00000, 0x0000000087b00000|  0%| F|  |TAMS 0x0000000087a00000, 0x0000000087a00000| Untracked 
| 123|0x0000000087b00000, 0x0000000087b00000, 0x0000000087c00000|  0%| F|  |TAMS 0x0000000087b00000, 0x0000000087b00000| Untracked 
| 124|0x0000000087c00000, 0x0000000087c00000, 0x0000000087d00000|  0%| F|  |TAMS 0x0000000087c00000, 0x0000000087c00000| Untracked 
| 125|0x0000000087d00000, 0x0000000087e00000, 0x0000000087e00000|100%| S|CS|TAMS 0x0000000087d00000, 0x0000000087d00000| Complete 
| 126|0x0000000087e00000, 0x0000000087f00000, 0x0000000087f00000|100%| S|CS|TAMS 0x0000000087e00000, 0x0000000087e00000| Complete 
| 127|0x0000000087f00000, 0x0000000087f00000, 0x0000000088000000|  0%| F|  |TAMS 0x0000000087f00000, 0x0000000087f00000| Untracked 
| 128|0x0000000088000000, 0x0000000088000000, 0x0000000088100000|  0%| F|  |TAMS 0x0000000088000000, 0x0000000088000000| Untracked 
| 129|0x0000000088100000, 0x0000000088100000, 0x0000000088200000|  0%| F|  |TAMS 0x0000000088100000, 0x0000000088100000| Untracked 
| 130|0x0000000088200000, 0x0000000088200000, 0x0000000088300000|  0%| F|  |TAMS 0x0000000088200000, 0x0000000088200000| Untracked 
| 131|0x0000000088300000, 0x0000000088300000, 0x0000000088400000|  0%| F|  |TAMS 0x0000000088300000, 0x0000000088300000| Untracked 
| 132|0x0000000088400000, 0x0000000088400000, 0x0000000088500000|  0%| F|  |TAMS 0x0000000088400000, 0x0000000088400000| Untracked 
| 133|0x0000000088500000, 0x0000000088500000, 0x0000000088600000|  0%| F|  |TAMS 0x0000000088500000, 0x0000000088500000| Untracked 
| 134|0x0000000088600000, 0x0000000088600000, 0x0000000088700000|  0%| F|  |TAMS 0x0000000088600000, 0x0000000088600000| Untracked 
| 135|0x0000000088700000, 0x0000000088700000, 0x0000000088800000|  0%| F|  |TAMS 0x0000000088700000, 0x0000000088700000| Untracked 
| 136|0x0000000088800000, 0x0000000088800000, 0x0000000088900000|  0%| F|  |TAMS 0x0000000088800000, 0x0000000088800000| Untracked 
| 137|0x0000000088900000, 0x0000000088900000, 0x0000000088a00000|  0%| F|  |TAMS 0x0000000088900000, 0x0000000088900000| Untracked 
| 138|0x0000000088a00000, 0x0000000088a00000, 0x0000000088b00000|  0%| F|  |TAMS 0x0000000088a00000, 0x0000000088a00000| Untracked 
| 139|0x0000000088b00000, 0x0000000088b00000, 0x0000000088c00000|  0%| F|  |TAMS 0x0000000088b00000, 0x0000000088b00000| Untracked 
| 140|0x0000000088c00000, 0x0000000088c00000, 0x0000000088d00000|  0%| F|  |TAMS 0x0000000088c00000, 0x0000000088c00000| Untracked 
| 141|0x0000000088d00000, 0x0000000088d00000, 0x0000000088e00000|  0%| F|  |TAMS 0x0000000088d00000, 0x0000000088d00000| Untracked 
| 142|0x0000000088e00000, 0x0000000088e00000, 0x0000000088f00000|  0%| F|  |TAMS 0x0000000088e00000, 0x0000000088e00000| Untracked 
| 143|0x0000000088f00000, 0x0000000088f00000, 0x0000000089000000|  0%| F|  |TAMS 0x0000000088f00000, 0x0000000088f00000| Untracked 
| 144|0x0000000089000000, 0x0000000089000000, 0x0000000089100000|  0%| F|  |TAMS 0x0000000089000000, 0x0000000089000000| Untracked 
| 145|0x0000000089100000, 0x0000000089100000, 0x0000000089200000|  0%| F|  |TAMS 0x0000000089100000, 0x0000000089100000| Untracked 
| 146|0x0000000089200000, 0x0000000089200000, 0x0000000089300000|  0%| F|  |TAMS 0x0000000089200000, 0x0000000089200000| Untracked 
| 147|0x0000000089300000, 0x0000000089300000, 0x0000000089400000|  0%| F|  |TAMS 0x0000000089300000, 0x0000000089300000| Untracked 
| 148|0x0000000089400000, 0x0000000089400000, 0x0000000089500000|  0%| F|  |TAMS 0x0000000089400000, 0x0000000089400000| Untracked 
| 149|0x0000000089500000, 0x0000000089500000, 0x0000000089600000|  0%| F|  |TAMS 0x0000000089500000, 0x0000000089500000| Untracked 
| 150|0x0000000089600000, 0x0000000089600000, 0x0000000089700000|  0%| F|  |TAMS 0x0000000089600000, 0x0000000089600000| Untracked 
| 151|0x0000000089700000, 0x0000000089700000, 0x0000000089800000|  0%| F|  |TAMS 0x0000000089700000, 0x0000000089700000| Untracked 
| 152|0x0000000089800000, 0x0000000089800000, 0x0000000089900000|  0%| F|  |TAMS 0x0000000089800000, 0x0000000089800000| Untracked 
| 153|0x0000000089900000, 0x0000000089900000, 0x0000000089a00000|  0%| F|  |TAMS 0x0000000089900000, 0x0000000089900000| Untracked 

Card table byte_map: [0x0000020c2a520000,0x0000020c2a920000] _byte_map_base: 0x0000020c2a120000

Marking Bits (Prev, Next): (CMBitMap*) 0x0000020c176353d0, (CMBitMap*) 0x0000020c17635398
 Prev Bits: [0x0000020c2cd20000, 0x0000020c2ed20000)
 Next Bits: [0x0000020c2ad20000, 0x0000020c2cd20000)

Polling page: 0x0000020c16dd0000

Metaspace:

Usage:
  Non-class:     57.79 MB capacity,    56.57 MB ( 98%) used,     1.02 MB (  2%) free+waste,   206.94 KB ( <1%) overhead. 
      Class:      9.42 MB capacity,     8.54 MB ( 91%) used,   800.28 KB (  8%) free+waste,   101.75 KB (  1%) overhead. 
       Both:     67.21 MB capacity,    65.10 MB ( 97%) used,     1.81 MB (  3%) free+waste,   308.69 KB ( <1%) overhead. 

Virtual space:
  Non-class space:       58.00 MB reserved,      57.92 MB (>99%) committed 
      Class space:      504.00 MB reserved,       9.50 MB (  2%) committed 
             Both:      562.00 MB reserved,      67.42 MB ( 12%) committed 

Chunk freelists:
   Non-Class:  4.00 KB
       Class:  0 bytes
        Both:  4.00 KB

MaxMetaspaceSize: 512.00 MB
CompressedClassSpaceSize: 504.00 MB
Initial GC threshold: 20.80 MB
Current GC threshold: 107.16 MB
CDS: off

CodeHeap 'non-profiled nmethods': size=120064Kb used=3553Kb max_used=3553Kb free=116510Kb
 bounds [0x0000020c22be0000, 0x0000020c22f60000, 0x0000020c2a120000]
CodeHeap 'profiled nmethods': size=120000Kb used=13830Kb max_used=13830Kb free=106169Kb
 bounds [0x0000020c1b6b0000, 0x0000020c1c440000, 0x0000020c22be0000]
CodeHeap 'non-nmethods': size=5696Kb used=2343Kb max_used=2389Kb free=3353Kb
 bounds [0x0000020c1b120000, 0x0000020c1b390000, 0x0000020c1b6b0000]
 total_blobs=7232 nmethods=6375 adapters=769
 compilation: enabled
              stopped_count=0, restarted_count=0
 full_count=0

Compilation events (20 events):
Event: 38.889 Thread 0x0000020c31a24000 6417       3       org.codehaus.groovy.reflection.CachedClass$3::initValue (194 bytes)
Event: 38.891 Thread 0x0000020c31a24000 nmethod 6417 0x0000020c1c424110 code [0x0000020c1c424500, 0x0000020c1c4263d8]
Event: 38.891 Thread 0x0000020c31a24000 6416       3       org.codehaus.groovy.runtime.metaclass.MetaMethodIndex::copyNonPrivateMethods (24 bytes)
Event: 38.891 Thread 0x0000020c31a24000 nmethod 6416 0x0000020c1c427010 code [0x0000020c1c4271e0, 0x0000020c1c4273e8]
Event: 38.891 Thread 0x0000020c31a24000 6418       3       java.beans.Introspector::getTargetMethodInfo (250 bytes)
Event: 38.893 Thread 0x0000020c31a24000 nmethod 6418 0x0000020c1c427510 code [0x0000020c1c4278c0, 0x0000020c1c428f98]
Event: 38.898 Thread 0x0000020c31a24000 6419       3       java.lang.reflect.Field::getFieldAccessor (35 bytes)
Event: 38.899 Thread 0x0000020c31a24000 nmethod 6419 0x0000020c1c429710 code [0x0000020c1c4298e0, 0x0000020c1c429ac8]
Event: 38.900 Thread 0x0000020c31a24000 6421       3       org.codehaus.groovy.reflection.CachedClass$8::initValue (127 bytes)
Event: 38.902 Thread 0x0000020c31a24000 nmethod 6421 0x0000020c1c429b90 code [0x0000020c1c429ee0, 0x0000020c1c42b5b8]
Event: 38.902 Thread 0x0000020c31a24000 6420       3       org.codehaus.groovy.reflection.CachedClass$8::initValue (5 bytes)
Event: 38.903 Thread 0x0000020c31a24000 nmethod 6420 0x0000020c1c42bd10 code [0x0000020c1c42bec0, 0x0000020c1c42bfe8]
Event: 38.903 Thread 0x0000020c31a24000 6422       3       org.codehaus.groovy.reflection.CachedClass$4::initValue (5 bytes)
Event: 38.903 Thread 0x0000020c31a24000 nmethod 6422 0x0000020c1c42c090 code [0x0000020c1c42c240, 0x0000020c1c42c368]
Event: 38.903 Thread 0x0000020c31a24000 6423       3       org.codehaus.groovy.reflection.CachedClass$4::initValue (63 bytes)
Event: 38.904 Thread 0x0000020c31a24000 nmethod 6423 0x0000020c1c42c410 code [0x0000020c1c42c680, 0x0000020c1c42cfa8]
Event: 38.905 Thread 0x0000020c31a24000 6424       3       org.codehaus.groovy.reflection.ClassInfo::createCachedClass (514 bytes)
Event: 38.909 Thread 0x0000020c31a24000 nmethod 6424 0x0000020c1c42d290 code [0x0000020c1c42d7c0, 0x0000020c1c430118]
Event: 38.909 Thread 0x0000020c31a24000 6425       2       org.codehaus.groovy.runtime.metaclass.MetaMethodIndex::addMethodToList (131 bytes)
Event: 38.909 Thread 0x0000020c31a24000 nmethod 6425 0x0000020c1c430d10 code [0x0000020c1c430f40, 0x0000020c1c431708]

GC Heap History (20 events):
Event: 35.754 GC heap after
{Heap after GC invocations=64 (full 0):
 garbage-first heap   total 108544K, used 86352K [0x0000000080000000, 0x0000000100000000)
  region size 1024K, 1 young (1024K), 1 survivors (1024K)
 Metaspace       used 53638K, capacity 55437K, committed 55472K, reserved 565248K
  class space    used 6967K, capacity 7679K, committed 7680K, reserved 516096K
}
Event: 35.998 GC heap before
{Heap before GC invocations=65 (full 0):
 garbage-first heap   total 108544K, used 95568K [0x0000000080000000, 0x0000000100000000)
  region size 1024K, 7 young (7168K), 1 survivors (1024K)
 Metaspace       used 54329K, capacity 56181K, committed 56368K, reserved 565248K
  class space    used 7040K, capacity 7800K, committed 7808K, reserved 516096K
}
Event: 36.001 GC heap after
{Heap after GC invocations=66 (full 0):
 garbage-first heap   total 108544K, used 92682K [0x0000000080000000, 0x0000000100000000)
  region size 1024K, 1 young (1024K), 1 survivors (1024K)
 Metaspace       used 54329K, capacity 56181K, committed 56368K, reserved 565248K
  class space    used 7040K, capacity 7800K, committed 7808K, reserved 516096K
}
Event: 36.035 GC heap before
{Heap before GC invocations=66 (full 0):
 garbage-first heap   total 108544K, used 96778K [0x0000000080000000, 0x0000000100000000)
  region size 1024K, 5 young (5120K), 1 survivors (1024K)
 Metaspace       used 54437K, capacity 56289K, committed 56496K, reserved 565248K
  class space    used 7064K, capacity 7836K, committed 7936K, reserved 516096K
}
Event: 36.039 GC heap after
{Heap after GC invocations=67 (full 0):
 garbage-first heap   total 131072K, used 92633K [0x0000000080000000, 0x0000000100000000)
  region size 1024K, 1 young (1024K), 1 survivors (1024K)
 Metaspace       used 54437K, capacity 56289K, committed 56496K, reserved 565248K
  class space    used 7064K, capacity 7836K, committed 7936K, reserved 516096K
}
Event: 36.436 GC heap before
{Heap before GC invocations=68 (full 0):
 garbage-first heap   total 131072K, used 102873K [0x0000000080000000, 0x0000000100000000)
  region size 1024K, 11 young (11264K), 1 survivors (1024K)
 Metaspace       used 56614K, capacity 58534K, committed 58800K, reserved 567296K
  class space    used 7353K, capacity 8119K, committed 8192K, reserved 516096K
}
Event: 36.441 GC heap after
{Heap after GC invocations=69 (full 0):
 garbage-first heap   total 131072K, used 93433K [0x0000000080000000, 0x0000000100000000)
  region size 1024K, 1 young (1024K), 1 survivors (1024K)
 Metaspace       used 56614K, capacity 58534K, committed 58800K, reserved 567296K
  class space    used 7353K, capacity 8119K, committed 8192K, reserved 516096K
}
Event: 36.666 GC heap before
{Heap before GC invocations=69 (full 0):
 garbage-first heap   total 131072K, used 104697K [0x0000000080000000, 0x0000000100000000)
  region size 1024K, 12 young (12288K), 1 survivors (1024K)
 Metaspace       used 57614K, capacity 59560K, committed 59696K, reserved 569344K
  class space    used 7524K, capacity 8294K, committed 8320K, reserved 516096K
}
Event: 36.671 GC heap after
{Heap after GC invocations=70 (full 0):
 garbage-first heap   total 131072K, used 93710K [0x0000000080000000, 0x0000000100000000)
  region size 1024K, 2 young (2048K), 2 survivors (2048K)
 Metaspace       used 57614K, capacity 59560K, committed 59696K, reserved 569344K
  class space    used 7524K, capacity 8294K, committed 8320K, reserved 516096K
}
Event: 37.078 GC heap before
{Heap before GC invocations=71 (full 0):
 garbage-first heap   total 131072K, used 104974K [0x0000000080000000, 0x0000000100000000)
  region size 1024K, 13 young (13312K), 2 survivors (2048K)
 Metaspace       used 58594K, capacity 60595K, committed 60720K, reserved 569344K
  class space    used 7679K, capacity 8490K, committed 8576K, reserved 516096K
}
Event: 37.083 GC heap after
{Heap after GC invocations=72 (full 0):
 garbage-first heap   total 131072K, used 94208K [0x0000000080000000, 0x0000000100000000)
  region size 1024K, 1 young (1024K), 1 survivors (1024K)
 Metaspace       used 58594K, capacity 60595K, committed 60720K, reserved 569344K
  class space    used 7679K, capacity 8490K, committed 8576K, reserved 516096K
}
Event: 37.304 GC heap before
{Heap before GC invocations=72 (full 0):
 garbage-first heap   total 131072K, used 105472K [0x0000000080000000, 0x0000000100000000)
  region size 1024K, 13 young (13312K), 1 survivors (1024K)
 Metaspace       used 59607K, capacity 61673K, committed 61872K, reserved 569344K
  class space    used 7796K, capacity 8634K, committed 8704K, reserved 516096K
}
Event: 37.308 GC heap after
{Heap after GC invocations=73 (full 0):
 garbage-first heap   total 157696K, used 94584K [0x0000000080000000, 0x0000000100000000)
  region size 1024K, 2 young (2048K), 2 survivors (2048K)
 Metaspace       used 59607K, capacity 61673K, committed 61872K, reserved 569344K
  class space    used 7796K, capacity 8634K, committed 8704K, reserved 516096K
}
Event: 37.681 GC heap before
{Heap before GC invocations=74 (full 0):
 garbage-first heap   total 157696K, used 117112K [0x0000000080000000, 0x0000000100000000)
  region size 1024K, 24 young (24576K), 2 survivors (2048K)
 Metaspace       used 61377K, capacity 63454K, committed 63664K, reserved 571392K
  class space    used 8053K, capacity 8930K, committed 8960K, reserved 516096K
}
Event: 37.687 GC heap after
{Heap after GC invocations=75 (full 0):
 garbage-first heap   total 157696K, used 95522K [0x0000000080000000, 0x0000000100000000)
  region size 1024K, 3 young (3072K), 3 survivors (3072K)
 Metaspace       used 61377K, capacity 63454K, committed 63664K, reserved 571392K
  class space    used 8053K, capacity 8930K, committed 8960K, reserved 516096K
}
Event: 37.976 GC heap before
{Heap before GC invocations=75 (full 0):
 garbage-first heap   total 157696K, used 119074K [0x0000000080000000, 0x0000000100000000)
  region size 1024K, 26 young (26624K), 3 survivors (3072K)
 Metaspace       used 62935K, capacity 64990K, committed 65200K, reserved 573440K
  class space    used 8263K, capacity 9122K, committed 9216K, reserved 516096K
}
Event: 37.983 GC heap after
{Heap after GC invocations=76 (full 0):
 garbage-first heap   total 157696K, used 95780K [0x0000000080000000, 0x0000000100000000)
  region size 1024K, 3 young (3072K), 3 survivors (3072K)
 Metaspace       used 62935K, capacity 64990K, committed 65200K, reserved 573440K
  class space    used 8263K, capacity 9122K, committed 9216K, reserved 516096K
}
Event: 38.289 GC heap before
{Heap before GC invocations=77 (full 0):
 garbage-first heap   total 157696K, used 121380K [0x0000000080000000, 0x0000000100000000)
  region size 1024K, 29 young (29696K), 3 survivors (3072K)
 Metaspace       used 64648K, capacity 66761K, committed 66864K, reserved 575488K
  class space    used 8464K, capacity 9323K, committed 9344K, reserved 516096K
}
Event: 38.296 GC heap after
{Heap after GC invocations=78 (full 0):
 garbage-first heap   total 157696K, used 96605K [0x0000000080000000, 0x0000000100000000)
  region size 1024K, 3 young (3072K), 3 survivors (3072K)
 Metaspace       used 64648K, capacity 66761K, committed 66864K, reserved 575488K
  class space    used 8464K, capacity 9323K, committed 9344K, reserved 516096K
}
Event: 38.910 GC heap before
{Heap before GC invocations=78 (full 0):
 garbage-first heap   total 157696K, used 123229K [0x0000000080000000, 0x0000000100000000)
  region size 1024K, 30 young (30720K), 3 survivors (3072K)
 Metaspace       used 66666K, capacity 68824K, committed 69040K, reserved 575488K
  class space    used 8741K, capacity 9644K, committed 9728K, reserved 516096K
}

Deoptimization events (20 events):
Event: 38.429 Thread 0x0000020c33fd7000 DEOPT PACKING pc=0x0000020c22ed0fe8 sp=0x000000ebe93f6800
Event: 38.429 Thread 0x0000020c33fd7000 DEOPT UNPACKING pc=0x0000020c1b16a1af sp=0x000000ebe93f6730 mode 2
Event: 38.429 Thread 0x0000020c33fd7000 Uncommon trap: trap_request=0xffffff4d fr.pc=0x0000020c22c4acd0 relative=0x0000000000000a50
Event: 38.429 Thread 0x0000020c33fd7000 Uncommon trap: reason=unstable_if action=reinterpret pc=0x0000020c22c4acd0 method=java.util.HashMap.resize()[Ljava/util/HashMap$Node; @ 203 c2
Event: 38.429 Thread 0x0000020c33fd7000 DEOPT PACKING pc=0x0000020c22c4acd0 sp=0x000000ebe93f66c0
Event: 38.429 Thread 0x0000020c33fd7000 DEOPT UNPACKING pc=0x0000020c1b16a1af sp=0x000000ebe93f6670 mode 2
Event: 38.430 Thread 0x0000020c33fd7000 Uncommon trap: trap_request=0xffffff4d fr.pc=0x0000020c22f485c8 relative=0x0000000000000288
Event: 38.430 Thread 0x0000020c33fd7000 Uncommon trap: reason=unstable_if action=reinterpret pc=0x0000020c22f485c8 method=java.util.HashMap.getNode(ILjava/lang/Object;)Ljava/util/HashMap$Node; @ 84 c2
Event: 38.430 Thread 0x0000020c33fd7000 DEOPT PACKING pc=0x0000020c22f485c8 sp=0x000000ebe93f6830
Event: 38.430 Thread 0x0000020c33fd7000 DEOPT UNPACKING pc=0x0000020c1b16a1af sp=0x000000ebe93f6750 mode 2
Event: 38.629 Thread 0x0000020c33fd7000 Uncommon trap: trap_request=0xffffff4d fr.pc=0x0000020c22d959d0 relative=0x00000000000001f0
Event: 38.629 Thread 0x0000020c33fd7000 Uncommon trap: reason=unstable_if action=reinterpret pc=0x0000020c22d959d0 method=java.util.HashMap.putVal(ILjava/lang/Object;Ljava/lang/Object;ZZ)Ljava/lang/Object; @ 162 c2
Event: 38.629 Thread 0x0000020c33fd7000 DEOPT PACKING pc=0x0000020c22d959d0 sp=0x000000ebe93f6410
Event: 38.629 Thread 0x0000020c33fd7000 DEOPT UNPACKING pc=0x0000020c1b16a1af sp=0x000000ebe93f6390 mode 2
Event: 38.878 Thread 0x0000020c33fd7000 DEOPT PACKING pc=0x0000020c1be55974 sp=0x000000ebe93f8650
Event: 38.878 Thread 0x0000020c33fd7000 DEOPT UNPACKING pc=0x0000020c1b16a95e sp=0x000000ebe93f7bf0 mode 0
Event: 38.906 Thread 0x0000020c33fd7000 Uncommon trap: trap_request=0xffffffc6 fr.pc=0x0000020c22dd4768 relative=0x0000000000000a68
Event: 38.906 Thread 0x0000020c33fd7000 Uncommon trap: reason=bimorphic_or_optimized_type_check action=maybe_recompile pc=0x0000020c22dd4768 method=org.codehaus.groovy.runtime.metaclass.MetaMethodIndex.isOverridden(Lgroovy/lang/MetaMethod;Lgroovy/lang/MetaMethod;)Z @ 37 c2
Event: 38.906 Thread 0x0000020c33fd7000 DEOPT PACKING pc=0x0000020c22dd4768 sp=0x000000ebe93f5b20
Event: 38.906 Thread 0x0000020c33fd7000 DEOPT UNPACKING pc=0x0000020c1b16a1af sp=0x000000ebe93f5a78 mode 2

Classes redefined (0 events):
No events

Internal exceptions (20 events):
Event: 37.199 Thread 0x0000020c33fd7000 Exception <a 'java/lang/ClassNotFoundException'{0x0000000087ac9350}: org/gradle/api/plugins/JavaPluginConventionBeanInfo> (0x0000000087ac9350) thrown at [src/hotspot/share/classfile/systemDictionary.cpp, line 230]
Event: 37.200 Thread 0x0000020c33fd7000 Exception <a 'java/lang/ClassNotFoundException'{0x0000000087904fb0}: org/gradle/api/plugins/JavaPluginConventionCustomizer> (0x0000000087904fb0) thrown at [src/hotspot/share/classfile/systemDictionary.cpp, line 230]
Event: 37.203 Thread 0x0000020c33fd7000 Exception <a 'java/lang/ClassNotFoundException'{0x000000008795ab10}: org/gradle/api/plugins/internal/DefaultJavaPluginConventionCustomizer> (0x000000008795ab10) thrown at [src/hotspot/share/classfile/systemDictionary.cpp, line 230]
Event: 37.343 Thread 0x0000020c33fd7000 Exception <a 'java/lang/NoSuchMethodError'{0x00000000898b2fb0}: 'int java.lang.invoke.DirectMethodHandle$Holder.invokeInterface(java.lang.Object, java.lang.Object, java.lang.Object, java.lang.Object)'> (0x00000000898b2fb0) thrown at [src/hotspot/share/interpreter/linkResolver.cpp, line 773]
Event: 37.499 Thread 0x0000020c33fd7000 Exception <a 'java/lang/ClassNotFoundException'{0x000000008910c7b8}: org/jetbrains/kotlin/gradle/targets/js/npm/DefaultNpmDependencyExtensionBeanInfo> (0x000000008910c7b8) thrown at [src/hotspot/share/classfile/systemDictionary.cpp, line 230]
Event: 37.500 Thread 0x0000020c33fd7000 Exception <a 'java/lang/ClassNotFoundException'{0x000000008911b6d0}: org/jetbrains/kotlin/gradle/targets/js/npm/DefaultNpmDependencyExtensionCustomizer> (0x000000008911b6d0) thrown at [src/hotspot/share/classfile/systemDictionary.cpp, line 230]
Event: 37.509 Thread 0x0000020c33fd7000 Exception <a 'java/lang/ClassNotFoundException'{0x000000008919bfc0}: org/jetbrains/kotlin/gradle/targets/js/npm/NpmDependencyExtensionKt$defaultNpmDependencyDelegate$1BeanInfo> (0x000000008919bfc0) thrown at [src/hotspot/share/classfile/systemDictionary.cpp, line 230]
Event: 37.510 Thread 0x0000020c33fd7000 Exception <a 'java/lang/ClassNotFoundException'{0x00000000891aad10}: org/jetbrains/kotlin/gradle/targets/js/npm/NpmDependencyExtensionDelegateBeanInfo> (0x00000000891aad10) thrown at [src/hotspot/share/classfile/systemDictionary.cpp, line 230]
Event: 37.510 Thread 0x0000020c33fd7000 Exception <a 'java/lang/ClassNotFoundException'{0x00000000891b9e48}: org/jetbrains/kotlin/gradle/targets/js/npm/NpmDependencyExtensionDelegateCustomizer> (0x00000000891b9e48) thrown at [src/hotspot/share/classfile/systemDictionary.cpp, line 230]
Event: 37.511 Thread 0x0000020c33fd7000 Exception <a 'java/lang/ClassNotFoundException'{0x00000000891e2b28}: org/jetbrains/kotlin/gradle/targets/js/npm/NpmDependencyExtensionKt$defaultNpmDependencyDelegate$1Customizer> (0x00000000891e2b28) thrown at [src/hotspot/share/classfile/systemDictionary.cpp, line 230]
Event: 37.515 Thread 0x0000020c33fd7000 Exception <a 'java/lang/ClassNotFoundException'{0x0000000089029630}: org/jetbrains/kotlin/gradle/targets/js/npm/DefaultDevNpmDependencyExtensionBeanInfo> (0x0000000089029630) thrown at [src/hotspot/share/classfile/systemDictionary.cpp, line 230]
Event: 37.515 Thread 0x0000020c33fd7000 Exception <a 'java/lang/ClassNotFoundException'{0x0000000089038770}: org/jetbrains/kotlin/gradle/targets/js/npm/DefaultDevNpmDependencyExtensionCustomizer> (0x0000000089038770) thrown at [src/hotspot/share/classfile/systemDictionary.cpp, line 230]
Event: 37.519 Thread 0x0000020c33fd7000 Exception <a 'java/lang/ClassNotFoundException'{0x00000000890827e0}: org/jetbrains/kotlin/gradle/targets/js/npm/DefaultPeerNpmDependencyExtensionBeanInfo> (0x00000000890827e0) thrown at [src/hotspot/share/classfile/systemDictionary.cpp, line 230]
Event: 37.519 Thread 0x0000020c33fd7000 Exception <a 'java/lang/ClassNotFoundException'{0x0000000089091930}: org/jetbrains/kotlin/gradle/targets/js/npm/DefaultPeerNpmDependencyExtensionCustomizer> (0x0000000089091930) thrown at [src/hotspot/share/classfile/systemDictionary.cpp, line 230]
Event: 37.523 Thread 0x0000020c33fd7000 Exception <a 'java/lang/ClassNotFoundException'{0x00000000890e2a10}: org/jetbrains/kotlin/gradle/targets/js/npm/DefaultPeerNpmDependencyExtension$delegate$1BeanInfo> (0x00000000890e2a10) thrown at [src/hotspot/share/classfile/systemDictionary.cpp, line 230]
Event: 37.524 Thread 0x0000020c33fd7000 Exception <a 'java/lang/ClassNotFoundException'{0x00000000890f2088}: org/jetbrains/kotlin/gradle/targets/js/npm/DefaultPeerNpmDependencyExtension$delegate$1Customizer> (0x00000000890f2088) thrown at [src/hotspot/share/classfile/systemDictionary.cpp, line 230]
Event: 38.890 Thread 0x0000020c33fd7000 Exception <a 'java/lang/ClassNotFoundException'{0x00000000881f0618}: build_b53tsf6xmmpl0pj9nnu2ih36zBeanInfo> (0x00000000881f0618) thrown at [src/hotspot/share/classfile/systemDictionary.cpp, line 230]
Event: 38.891 Thread 0x0000020c33fd7000 Exception <a 'java/lang/ClassNotFoundException'{0x00000000880098d0}: org/gradle/api/internal/project/ProjectScriptBeanInfo> (0x00000000880098d0) thrown at [src/hotspot/share/classfile/systemDictionary.cpp, line 230]
Event: 38.891 Thread 0x0000020c33fd7000 Exception <a 'java/lang/ClassNotFoundException'{0x0000000088022960}: org/gradle/api/internal/project/ProjectScriptCustomizer> (0x0000000088022960) thrown at [src/hotspot/share/classfile/systemDictionary.cpp, line 230]
Event: 38.893 Thread 0x0000020c33fd7000 Exception <a 'java/lang/ClassNotFoundException'{0x000000008803f5e8}: build_b53tsf6xmmpl0pj9nnu2ih36zCustomizer> (0x000000008803f5e8) thrown at [src/hotspot/share/classfile/systemDictionary.cpp, line 230]

Events (20 events):
Event: 38.891 loading class org/gradle/api/internal/project/ProjectScriptBeanInfo done
Event: 38.891 loading class org/gradle/api/internal/project/ProjectScriptCustomizer
Event: 38.891 loading class org/gradle/api/internal/project/ProjectScriptCustomizer done
Event: 38.891 loading class org/gradle/api/internal/project/ProjectScriptCustomizer
Event: 38.891 loading class org/gradle/api/internal/project/ProjectScriptCustomizer done
Event: 38.891 loading class org/gradle/api/internal/project/ProjectScriptCustomizer
Event: 38.891 loading class org/gradle/api/internal/project/ProjectScriptCustomizer done
Event: 38.892 loading class build_b53tsf6xmmpl0pj9nnu2ih36zCustomizer
Event: 38.892 loading class build_b53tsf6xmmpl0pj9nnu2ih36zCustomizer done
Event: 38.893 loading class build_b53tsf6xmmpl0pj9nnu2ih36zCustomizer
Event: 38.893 loading class build_b53tsf6xmmpl0pj9nnu2ih36zCustomizer done
Event: 38.895 loading class groovy/runtime/metaclass/build_b53tsf6xmmpl0pj9nnu2ih36z$_run_closure1MetaClass
Event: 38.895 loading class groovy/runtime/metaclass/build_b53tsf6xmmpl0pj9nnu2ih36z$_run_closure1MetaClass done
Event: 38.897 loading class groovy/runtime/metaclass/build_b53tsf6xmmpl0pj9nnu2ih36z$_run_closure1$_closure2MetaClass
Event: 38.897 loading class groovy/runtime/metaclass/build_b53tsf6xmmpl0pj9nnu2ih36z$_run_closure1$_closure2MetaClass done
Event: 38.899 loading class groovy/runtime/metaclass/build_b53tsf6xmmpl0pj9nnu2ih36z$_run_closure1$_closure3MetaClass
Event: 38.899 loading class groovy/runtime/metaclass/build_b53tsf6xmmpl0pj9nnu2ih36z$_run_closure1$_closure3MetaClass done
Event: 38.900 loading class groovy/runtime/metaclass/org/gradle/api/internal/artifacts/dsl/DefaultRepositoryHandler_DecoratedMetaClass
Event: 38.900 loading class groovy/runtime/metaclass/org/gradle/api/internal/artifacts/dsl/DefaultRepositoryHandler_DecoratedMetaClass done
Event: 38.910 Executing VM operation: G1CollectForAllocation


Dynamic libraries:
0x00007ff6137d0000 - 0x00007ff6137da000 	C:\Program Files\Android\Android Studio1\jbr\bin\java.exe
0x00007fff7c9f0000 - 0x00007fff7cbe8000 	C:\Windows\SYSTEM32\ntdll.dll
0x00007fff7c8f0000 - 0x00007fff7c9ad000 	C:\Windows\System32\KERNEL32.DLL
0x00007fff7a460000 - 0x00007fff7a72e000 	C:\Windows\System32\KERNELBASE.dll
0x00007fff7a730000 - 0x00007fff7a830000 	C:\Windows\System32\ucrtbase.dll
0x00007fff63cd0000 - 0x00007fff63ce7000 	C:\Program Files\Android\Android Studio1\jbr\bin\jli.dll
0x00007fff7b210000 - 0x00007fff7b3b0000 	C:\Windows\System32\USER32.dll
0x00007fff7a1c0000 - 0x00007fff7a1e2000 	C:\Windows\System32\win32u.dll
0x00007fff7b5f0000 - 0x00007fff7b61a000 	C:\Windows\System32\GDI32.dll
0x00007fff7a8a0000 - 0x00007fff7a9ab000 	C:\Windows\System32\gdi32full.dll
0x00007fff7a9b0000 - 0x00007fff7aa4d000 	C:\Windows\System32\msvcp_win.dll
0x00007fff643f0000 - 0x00007fff6440b000 	C:\Program Files\Android\Android Studio1\jbr\bin\VCRUNTIME140.dll
0x00007fff6ba10000 - 0x00007fff6bcaa000 	C:\Windows\WinSxS\amd64_microsoft.windows.common-controls_6595b64144ccf1df_6.0.19041.1110_none_60b5254171f9507e\COMCTL32.dll
0x00007fff7b4f0000 - 0x00007fff7b58e000 	C:\Windows\System32\msvcrt.dll
0x00007fff7b8b0000 - 0x00007fff7b8e0000 	C:\Windows\System32\IMM32.DLL
0x00007fff6eb50000 - 0x00007fff6eb5c000 	C:\Program Files\Android\Android Studio1\jbr\bin\vcruntime140_1.dll
0x00007fff57fb0000 - 0x00007fff5803d000 	C:\Program Files\Android\Android Studio1\jbr\bin\msvcp140.dll
0x00007fff0e1d0000 - 0x00007fff0ed8c000 	C:\Program Files\Android\Android Studio1\jbr\bin\server\jvm.dll
0x00007fff7ae80000 - 0x00007fff7af2e000 	C:\Windows\System32\ADVAPI32.dll
0x00007fff7b6a0000 - 0x00007fff7b73c000 	C:\Windows\System32\sechost.dll
0x00007fff7af30000 - 0x00007fff7b055000 	C:\Windows\System32\RPCRT4.dll
0x00007fff7b8a0000 - 0x00007fff7b8a8000 	C:\Windows\System32\PSAPI.DLL
0x00007fff6c110000 - 0x00007fff6c137000 	C:\Windows\SYSTEM32\WINMM.dll
0x00007fff6abd0000 - 0x00007fff6abda000 	C:\Windows\SYSTEM32\VERSION.dll
0x00007fff6c0e0000 - 0x00007fff6c0e9000 	C:\Windows\SYSTEM32\WSOCK32.dll
0x00007fff7c220000 - 0x00007fff7c28b000 	C:\Windows\System32\WS2_32.dll
0x00007fff78010000 - 0x00007fff78022000 	C:\Windows\SYSTEM32\kernel.appcore.dll
0x00007fff75390000 - 0x00007fff753a0000 	C:\Program Files\Android\Android Studio1\jbr\bin\verify.dll
0x00007fff6d620000 - 0x00007fff6d804000 	C:\Windows\SYSTEM32\DBGHELP.DLL
0x00007fff6d9b0000 - 0x00007fff6d9dc000 	C:\Windows\SYSTEM32\dbgcore.DLL
0x00007fff7a3d0000 - 0x00007fff7a452000 	C:\Windows\System32\bcryptPrimitives.dll
0x00007fff74f50000 - 0x00007fff74f78000 	C:\Program Files\Android\Android Studio1\jbr\bin\java.dll
0x00007fff74f40000 - 0x00007fff74f4a000 	C:\Program Files\Android\Android Studio1\jbr\bin\jimage.dll
0x00007fff74f20000 - 0x00007fff74f38000 	C:\Program Files\Android\Android Studio1\jbr\bin\zip.dll
0x00007fff7b9f0000 - 0x00007fff7c134000 	C:\Windows\System32\SHELL32.dll
0x00007fff78210000 - 0x00007fff789a4000 	C:\Windows\SYSTEM32\windows.storage.dll
0x00007fff7ab20000 - 0x00007fff7ae74000 	C:\Windows\System32\combase.dll
0x00007fff79b70000 - 0x00007fff79ba0000 	C:\Windows\SYSTEM32\Wldp.dll
0x00007fff7b940000 - 0x00007fff7b9ed000 	C:\Windows\System32\SHCORE.dll
0x00007fff7b8e0000 - 0x00007fff7b935000 	C:\Windows\System32\shlwapi.dll
0x00007fff7a050000 - 0x00007fff7a06f000 	C:\Windows\SYSTEM32\profapi.dll
0x00007fff74f00000 - 0x00007fff74f19000 	C:\Program Files\Android\Android Studio1\jbr\bin\net.dll
0x00007fff6f830000 - 0x00007fff6f93a000 	C:\Windows\SYSTEM32\WINHTTP.dll
0x00007fff798d0000 - 0x00007fff7993a000 	C:\Windows\system32\mswsock.dll
0x00007fff74ee0000 - 0x00007fff74ef3000 	C:\Program Files\Android\Android Studio1\jbr\bin\nio.dll
0x00007fff672e0000 - 0x00007fff67307000 	C:\Users\binda\.gradle\native\e1d6ef7f7dcc3fd88c89a11ec53ec762bb8ba0a96d01ffa2cd45eb1d1d8dd5c5\windows-amd64\native-platform.dll
0x00007fff59bd0000 - 0x00007fff59d14000 	C:\Users\binda\.gradle\native\0d407fdbe67a94daf76414ababcb853783967236a71b16ec16e742cd7a986fd3\windows-amd64\native-platform-file-events.dll
0x00007fff74ed0000 - 0x00007fff74eda000 	C:\Program Files\Android\Android Studio1\jbr\bin\management.dll
0x00007fff74300000 - 0x00007fff7430b000 	C:\Program Files\Android\Android Studio1\jbr\bin\management_ext.dll
0x00007fff79ad0000 - 0x00007fff79ae8000 	C:\Windows\SYSTEM32\CRYPTSP.dll
0x00007fff791e0000 - 0x00007fff79214000 	C:\Windows\system32\rsaenh.dll
0x00007fff7a240000 - 0x00007fff7a267000 	C:\Windows\System32\bcrypt.dll
0x00007fff79fd0000 - 0x00007fff79ffe000 	C:\Windows\SYSTEM32\USERENV.dll
0x00007fff79ac0000 - 0x00007fff79acc000 	C:\Windows\SYSTEM32\CRYPTBASE.dll
0x00007fff79570000 - 0x00007fff795ab000 	C:\Windows\SYSTEM32\IPHLPAPI.DLL
0x00007fff7b3b0000 - 0x00007fff7b3b8000 	C:\Windows\System32\NSI.dll
0x00007fff72a50000 - 0x00007fff72a67000 	C:\Windows\SYSTEM32\dhcpcsvc6.DLL
0x00007fff731a0000 - 0x00007fff731bd000 	C:\Windows\SYSTEM32\dhcpcsvc.DLL
0x00007fff795c0000 - 0x00007fff7968a000 	C:\Windows\SYSTEM32\DNSAPI.dll

dbghelp: loaded successfully - version: 4.0.5 - missing functions: none
symbol engine: initialized successfully - sym options: 0x614 - pdb path: .;C:\Program Files\Android\Android Studio1\jbr\bin;C:\Windows\SYSTEM32;C:\Windows\WinSxS\amd64_microsoft.windows.common-controls_6595b64144ccf1df_6.0.19041.1110_none_60b5254171f9507e;C:\Program Files\Android\Android Studio1\jbr\bin\server;C:\Users\binda\.gradle\native\e1d6ef7f7dcc3fd88c89a11ec53ec762bb8ba0a96d01ffa2cd45eb1d1d8dd5c5\windows-amd64;C:\Users\binda\.gradle\native\0d407fdbe67a94daf76414ababcb853783967236a71b16ec16e742cd7a986fd3\windows-amd64

VM Arguments:
jvm_args: -XX:MaxMetaspaceSize=512m --add-opens=java.base/java.util=ALL-UNNAMED --add-opens=java.base/java.lang=ALL-UNNAMED --add-opens=java.base/java.lang.invoke=ALL-UNNAMED --add-opens=java.base/java.util=ALL-UNNAMED --add-opens=java.prefs/java.util.prefs=ALL-UNNAMED --add-opens=java.prefs/java.util.prefs=ALL-UNNAMED --add-opens=java.base/java.nio.charset=ALL-UNNAMED --add-opens=java.base/java.net=ALL-UNNAMED --add-opens=java.base/java.util.concurrent.atomic=ALL-UNNAMED -Xmx2048m -Dfile.encoding=windows-1252 -Duser.country=IN -Duser.language=en -Duser.variant 
java_command: org.gradle.launcher.daemon.bootstrap.GradleDaemon 7.5.1
java_class_path (initial): C:\Users\binda\.gradle\wrapper\dists\gradle-7.5.1-all\1ehga6e77gqps5uk2kc5kf1vc\gradle-7.5.1\lib\gradle-launcher-7.5.1.jar
Launcher Type: SUN_STANDARD

[Global flags]
     intx CICompilerCount                          = 3                                         {product} {ergonomic}
   size_t CompressedClassSpaceSize                 = 528482304                                 {product} {ergonomic}
     uint ConcGCThreads                            = 1                                         {product} {ergonomic}
     uint G1ConcRefinementThreads                  = 4                                         {product} {ergonomic}
   size_t G1HeapRegionSize                         = 1048576                                   {product} {ergonomic}
    uintx GCDrainStackTargetSize                   = 64                                        {product} {ergonomic}
   size_t InitialHeapSize                          = 65011712                                  {product} {ergonomic}
   size_t MarkStackSize                            = 4194304                                   {product} {ergonomic}
   size_t MaxHeapSize                              = 2147483648                                {product} {command line}
   size_t MaxMetaspaceSize                         = 536870912                                 {product} {command line}
   size_t MaxNewSize                               = 1287651328                                {product} {ergonomic}
   size_t MinHeapDeltaBytes                        = 1048576                                   {product} {ergonomic}
    uintx NonNMethodCodeHeapSize                   = 5830732                                {pd product} {ergonomic}
    uintx NonProfiledCodeHeapSize                  = 122913754                              {pd product} {ergonomic}
    uintx ProfiledCodeHeapSize                     = 122913754                              {pd product} {ergonomic}
    uintx ReservedCodeCacheSize                    = 251658240                              {pd product} {ergonomic}
     bool SegmentedCodeCache                       = true                                      {product} {ergonomic}
     bool UseCompressedClassPointers               = true                                 {lp64_product} {ergonomic}
     bool UseCompressedOops                        = true                                 {lp64_product} {ergonomic}
     bool UseG1GC                                  = true                                      {product} {ergonomic}
     bool UseLargePagesIndividualAllocation        = false                                  {pd product} {ergonomic}

Logging:
Log output configuration:
 #0: stdout all=warning uptime,level,tags
 #1: stderr all=off uptime,level,tags

Environment Variables:
JAVA_HOME=C:\Program Files\Microsoft\jdk-11.0.18.10-hotspot\
PATH=C:\Program Files\Microsoft\jdk-11.0.18.10-hotspot\bin;C:\Python311\Scripts\;C:\Python311\;C:\Windows\system32;C:\Windows;C:\Windows\System32\Wbem;C:\Windows\System32\WindowsPowerShell\v1.0\;C:\Windows\System32\OpenSSH\;D:\xampp\php;C:\ProgramData\ComposerSetup\bin;C:\Program Files\Git\cmd;C:\Program Files\Java\jdk-18.0.1.1\bin;D:\xampp\xampp\php;C:\ProgramData\chocolatey\bin;C:\Program Files\Java\jdk-18.0.1.1\bin;C:\Program Files\nodejs\;C:\Users\binda\AppData\Local\Microsoft\WindowsApps;C:\Users\binda\AppData\Local\Programs\Microsoft VS Code\bin;C:\Users\binda\AppData\Roaming\Composer\vendor\bin;C:\Users\binda\AppData\Local\Android\Sdk\platform-tools;C:\Users\binda\AppData\Roaming\npm
USERNAME=LevonoL430
OS=Windows_NT
PROCESSOR_IDENTIFIER=Intel64 Family 6 Model 42 Stepping 7, GenuineIntel



---------------  S Y S T E M  ---------------

OS: Windows 10 , 64 bit Build 19041 (10.0.19041.1889)
OS uptime: 0 days 7:32 hours

CPU:total 4 (initial active 4) (2 cores per cpu, 2 threads per core) family 6 model 42 stepping 7 microcode 0x2f, cmov, cx8, fxsr, mmx, sse, sse2, sse3, ssse3, sse4.1, sse4.2, popcnt, avx, aes, clmul, ht, tsc, tscinvbit

Memory: 4k page, system-wide physical 3921M (357M free)
TotalPageFile size 8300M (AvailPageFile size 28M)
current process WorkingSet (physical memory assigned to process): 363M, peak: 363M
current process commit charge ("private bytes"): 401M, peak: 432M

vm_info: OpenJDK 64-Bit Server VM (11.0.15+0-b2043.56-9505619) for windows-amd64 JRE (11.0.15+0-b2043.56-9505619), built on Jan 19 2023 02:48:00 by "builduser" with unknown MS VC++:1929

END.
